#
# A fatal error has been detected by the Java Runtime Environment:
#
#  EXCEPTION_ACCESS_VIOLATION (0xc0000005) at pc=0x00007ff97b1fc591, pid=16580, tid=2952
#
# JRE version: OpenJDK Runtime Environment Temurin-17.0.12+7 (17.0.12+7) (build 17.0.12+7)
# Java VM: OpenJDK 64-Bit Server VM Temurin-17.0.12+7 (17.0.12+7, mixed mode, sharing, tiered, compressed oops, compressed class ptrs, g1 gc, windows-amd64)
# Problematic frame:
# C  [awt.dll+0xdc591]
#
# No core dump will be written. Minidumps are not enabled by default on client versions of Windows
#
# If you would like to submit a bug report, please visit:
#   https://github.com/adoptium/adoptium-support/issues
# The crash happened outside the Java Virtual Machine in native code.
# See problematic frame for where to report the bug.
#

---------------  S U M M A R Y ------------

Command Line: -XX:+ShowCodeDetailsInExceptionMessages App

Host: 13th Gen Intel(R) Core(TM) i5-13400, 16 cores, 15G,  Windows 11 , 64 bit Build 22621 (10.0.22621.2506)
Time: Mon Oct 14 14:58:46 2024 Bangladesh Standard Time elapsed time: 2634.205013 seconds (0d 0h 43m 54s)

---------------  T H R E A D  ---------------

Current thread (0x00000289bd7abca0):  JavaThread "AWT-Windows" daemon [_thread_in_native, id=2952, stack(0x000000f404100000,0x000000f404200000)]

Stack: [0x000000f404100000,0x000000f404200000],  sp=0x000000f4041fe760,  free space=1017k
Native frames: (J=compiled Java code, j=interpreted, Vv=VM code, C=native code)
C  [awt.dll+0xdc591]

Java frames: (J=compiled Java code, j=interpreted, Vv=VM code)
j  sun.awt.windows.WToolkit.eventLoop()V+0 java.desktop@17.0.12
j  sun.awt.windows.WToolkit.run()V+50 java.desktop@17.0.12
j  java.lang.Thread.run()V+11 java.base@17.0.12
v  ~StubRoutines::call_stub

siginfo: EXCEPTION_ACCESS_VIOLATION (0xc0000005), reading address 0x0000000000000008


Registers:
RAX=0x0000000000000000, RBX=0x00000289840921c0, RCX=0x0000000000000000, RDX=0x0000000000000000
RSP=0x000000f4041fe760, RBP=0x000000f4041fe869, RSI=0x000000006b010a4a, RDI=0x0000000000000000
R8 =0x0000000000000001, R9 =0x0000000000000000, R10=0x0000000000000000, R11=0x0000000000000246
R12=0x0000000000000000, R13=0x0000000000000310, R14=0x0000000000000000, R15=0x0000000000000000
RIP=0x00007ff97b1fc591, EFLAGS=0x0000000000010246


Register to memory mapping:

RIP=0x00007ff97b1fc591 awt.dll
RAX=0x0 is NULL
RBX=0x00000289840921c0 points into unknown readable memory: 0x00000289ff872ef0 | f0 2e 87 ff 89 02 00 00
RCX=0x0 is NULL
RDX=0x0 is NULL
RSP=0x000000f4041fe760 is pointing into the stack for thread: 0x00000289bd7abca0
RBP=0x000000f4041fe869 is pointing into the stack for thread: 0x00000289bd7abca0
RSI=0x000000006b010a4a is an unknown value
RDI=0x0 is NULL
R8 =0x0000000000000001 is an unknown value
R9 =0x0 is NULL
R10=0x0 is NULL
R11=0x0000000000000246 is an unknown value
R12=0x0 is NULL
R13=0x0000000000000310 is an unknown value
R14=0x0 is NULL
R15=0x0 is NULL


Top of Stack: (sp=0x000000f4041fe760)
0x000000f4041fe760:   00007ff97b25c848 000000006b010a4a
0x000000f4041fe770:   00004b4c84fe0450 00007ff97b1b8770
0x000000f4041fe780:   0000000000000000 00007ff97b1b81ec
0x000000f4041fe790:   000000006b010a4a 00000289ffcdebf0
0x000000f4041fe7a0:   00000289840921c0 00000289ffcdebf0
0x000000f4041fe7b0:   00000289ffcdebf0 00007ff97b1b8296
0x000000f4041fe7c0:   00007ff97b120000 0000000000000000
0x000000f4041fe7d0:   000000000000c250 00007ffa49f58603
0x000000f4041fe7e0:   00000289ffcdebf0 00007ff97b1b55f6
0x000000f4041fe7f0:   00000289ffcdebf0 0000000000000000
0x000000f4041fe800:   0000000000000001 00007ffa49f56637
0x000000f4041fe810:   000000f4041fe8d0 00000289ffcdebf0
0x000000f4041fe820:   00007ff97b1b8770 0000000000000000
0x000000f4041fe830:   0000000000000000 00007ffa49f58603
0x000000f4041fe840:   0000000000000000 000000f4041fe8d0
0x000000f4041fe850:   000000f4041fe8d4 00000289bd7abf58
0x000000f4041fe860:   00000289ffcdec90 000000000000c250
0x000000f4041fe870:   000000000000c250 00004b4c84fe05c0
0x000000f4041fe880:   00000289ff819360 0000000000000000
0x000000f4041fe890:   0000000000000000 0000000000000000
0x000000f4041fe8a0:   0000000000000000 0000000000000000
0x000000f4041fe8b0:   0000000000000000 00000289ffcdebf0
0x000000f4041fe8c0:   0000000000000310 00007ff97b2016cb
0x000000f4041fe8d0:   0000000200000002 0000000000000000
0x000000f4041fe8e0:   0000f78f788d4749 0000c5573edb4963
0x000000f4041fe8f0:   0000000000000000 000000000000c250
0x000000f4041fe900:   0000000000000000 0000000000000000
0x000000f4041fe910:   000000f4041feae8 00007ffa48e684e6
0x000000f4041fe920:   0000000000000070 00007ffa49f58603
0x000000f4041fe930:   ffffffffffffffeb 00007ffa48e6ab09
0x000000f4041fe940:   00007ffa48e684e6 00004b4c84fe0ae0
0x000000f4041fe950:   00000000005006e2 0000000000000000 

Instructions: (pc=0x00007ff97b1fc591)
0x00007ff97b1fc491:   83 ec 28 66 0f 6e c2 0f 5b c0 f3 0f 59 41 48 0f
0x00007ff97b1fc4a1:   5a c8 f2 0f 10 05 95 47 03 00 f2 0f 5c 0d 35 47
0x00007ff97b1fc4b1:   01 00 66 0f 2f c1 76 0a b8 00 00 00 80 48 83 c4
0x00007ff97b1fc4c1:   28 c3 66 0f 2f 0d 75 90 02 00 76 0a b8 ff ff ff
0x00007ff97b1fc4d1:   7f 48 83 c4 28 c3 0f 28 c1 e8 77 0e 01 00 f2 0f
0x00007ff97b1fc4e1:   2c c0 48 83 c4 28 c3 cc cc cc cc cc cc cc cc 48
0x00007ff97b1fc4f1:   83 ec 28 66 0f 6e c2 0f 5b c0 f3 0f 59 41 4c 0f
0x00007ff97b1fc501:   5a c8 f2 0f 10 05 35 47 03 00 f2 0f 5c 0d d5 46
0x00007ff97b1fc511:   01 00 66 0f 2f c1 76 0a b8 00 00 00 80 48 83 c4
0x00007ff97b1fc521:   28 c3 66 0f 2f 0d 15 90 02 00 76 0a b8 ff ff ff
0x00007ff97b1fc531:   7f 48 83 c4 28 c3 0f 28 c1 e8 17 0e 01 00 f2 0f
0x00007ff97b1fc541:   2c c0 48 83 c4 28 c3 cc cc cc cc cc cc cc cc 48
0x00007ff97b1fc551:   8b 49 08 48 85 c9 0f 85 b3 7e fe ff 33 c0 c3 48
0x00007ff97b1fc561:   89 5c 24 08 48 89 74 24 10 57 48 83 ec 20 8b fa
0x00007ff97b1fc571:   48 8b f1 e8 37 c0 f4 ff 48 8b d8 48 89 44 24 40
0x00007ff97b1fc581:   41 b8 01 00 00 00 8b d7 48 8b c8 e8 9f bf f4 ff
0x00007ff97b1fc591:   48 8b 48 08 48 85 c9 74 0d 48 8b d6 e8 6e 7e fe
0x00007ff97b1fc5a1:   ff 48 8b f8 eb 02 33 ff 48 8b cb e8 bf c1 f4 ff
0x00007ff97b1fc5b1:   90 48 8b c7 48 8b 5c 24 30 48 8b 74 24 38 48 83
0x00007ff97b1fc5c1:   c4 20 5f c3 cc cc cc cc cc cc cc cc cc cc cc 48
0x00007ff97b1fc5d1:   8b 01 89 10 c3 cc cc cc cc cc cc cc cc cc cc 40
0x00007ff97b1fc5e1:   57 48 83 ec 40 48 83 79 38 00 48 8b f9 0f 84 96
0x00007ff97b1fc5f1:   01 00 00 48 8b 0d 8d c8 06 00 ba 02 00 01 00 48
0x00007ff97b1fc601:   89 5c 24 58 48 89 74 24 68 e8 91 f5 00 00 4c 8b
0x00007ff97b1fc611:   05 a2 cd 06 00 48 8b c8 48 8b 57 38 48 8b d8 4c
0x00007ff97b1fc621:   8b 08 41 ff 91 f8 02 00 00 48 8b f0 48 85 c0 0f
0x00007ff97b1fc631:   84 4a 01 00 00 4c 8b 0b 48 8b d0 4c 8b 05 65 cd
0x00007ff97b1fc641:   06 00 48 8b cb 41 ff 91 00 01 00 00 84 c0 0f 84
0x00007ff97b1fc651:   2b 01 00 00 48 8b 7f 08 48 8b d6 48 8b 03 48 8b
0x00007ff97b1fc661:   cb 4c 8b 05 57 cd 06 00 48 81 c7 00 04 00 00 48
0x00007ff97b1fc671:   89 6c 24 60 4c 89 64 24 38 ff 90 f8 02 00 00 4c
0x00007ff97b1fc681:   8b 0b 48 8b d6 4c 8b 05 3b cd 06 00 48 8b cb 4c 


Stack slot to memory mapping:
stack at sp + 0 slots: 0x00007ff97b25c848 awt.dll
stack at sp + 1 slots: 0x000000006b010a4a is an unknown value
stack at sp + 2 slots: 0x00004b4c84fe0450 is an unknown value
stack at sp + 3 slots: 0x00007ff97b1b8770 awt.dll
stack at sp + 4 slots: 0x0 is NULL
stack at sp + 5 slots: 0x00007ff97b1b81ec awt.dll
stack at sp + 6 slots: 0x000000006b010a4a is an unknown value
stack at sp + 7 slots: 0x00000289ffcdebf0 points into unknown readable memory: 0x00007ff97b22c880 | 80 c8 22 7b f9 7f 00 00


---------------  P R O C E S S  ---------------

Threads class SMR info:
_java_thread_list=0x00000289ff9c8a00, length=17, elements={
0x00000289bd44ba80, 0x00000289bd44c900, 0x00000289bd45e1b0, 0x00000289bd463d90,
0x00000289bd467170, 0x00000289bd467b30, 0x00000289bd46a830, 0x00000289bd478760,
0x00000289bd47c9a0, 0x00000289bd600a60, 0x00000289bd6037b0, 0x00000289bd7dd480,
0x00000289bd7e9780, 0x00000289bd7abca0, 0x00000289ffdc0d70, 0x00000289ffb57540,
0x00000289ffbe5ac0
}

Java Threads: ( => current thread )
  0x00000289bd44ba80 JavaThread "Reference Handler" daemon [_thread_blocked, id=19404, stack(0x000000f403200000,0x000000f403300000)]
  0x00000289bd44c900 JavaThread "Finalizer" daemon [_thread_blocked, id=9904, stack(0x000000f403300000,0x000000f403400000)]
  0x00000289bd45e1b0 JavaThread "Signal Dispatcher" daemon [_thread_blocked, id=11140, stack(0x000000f403400000,0x000000f403500000)]
  0x00000289bd463d90 JavaThread "Attach Listener" daemon [_thread_blocked, id=2676, stack(0x000000f403500000,0x000000f403600000)]
  0x00000289bd467170 JavaThread "Service Thread" daemon [_thread_blocked, id=19216, stack(0x000000f403600000,0x000000f403700000)]
  0x00000289bd467b30 JavaThread "Monitor Deflation Thread" daemon [_thread_blocked, id=11152, stack(0x000000f403700000,0x000000f403800000)]
  0x00000289bd46a830 JavaThread "C2 CompilerThread0" daemon [_thread_blocked, id=3528, stack(0x000000f403800000,0x000000f403900000)]
  0x00000289bd478760 JavaThread "C1 CompilerThread0" daemon [_thread_blocked, id=2768, stack(0x000000f403900000,0x000000f403a00000)]
  0x00000289bd47c9a0 JavaThread "Sweeper thread" daemon [_thread_blocked, id=9396, stack(0x000000f403a00000,0x000000f403b00000)]
  0x00000289bd600a60 JavaThread "Notification Thread" daemon [_thread_blocked, id=2860, stack(0x000000f403c00000,0x000000f403d00000)]
  0x00000289bd6037b0 JavaThread "Common-Cleaner" daemon [_thread_blocked, id=1164, stack(0x000000f403e00000,0x000000f403f00000)]
  0x00000289bd7dd480 JavaThread "Java2D Disposer" daemon [_thread_blocked, id=10740, stack(0x000000f403f00000,0x000000f404000000)]
  0x00000289bd7e9780 JavaThread "AWT-Shutdown" [_thread_blocked, id=16180, stack(0x000000f404000000,0x000000f404100000)]
=>0x00000289bd7abca0 JavaThread "AWT-Windows" daemon [_thread_in_native, id=2952, stack(0x000000f404100000,0x000000f404200000)]
  0x00000289ffdc0d70 JavaThread "TimerQueue" daemon [_thread_blocked, id=15400, stack(0x000000f404600000,0x000000f404700000)]
  0x00000289ffb57540 JavaThread "AWT-EventQueue-0" [_thread_blocked, id=19188, stack(0x000000f404700000,0x000000f404800000)]
  0x00000289ffbe5ac0 JavaThread "DestroyJavaVM" [_thread_blocked, id=7180, stack(0x000000f402b00000,0x000000f402c00000)]

Other Threads:
  0x00000289bd445e60 VMThread "VM Thread" [stack: 0x000000f403100000,0x000000f403200000] [id=7308]
  0x00000289bd602f50 WatcherThread [stack: 0x000000f403d00000,0x000000f403e00000] [id=12020]
  0x0000028999a4d290 GCTaskThread "GC Thread#0" [stack: 0x000000f402c00000,0x000000f402d00000] [id=15140]
  0x00000289ffa335c0 GCTaskThread "GC Thread#1" [stack: 0x000000f404300000,0x000000f404400000] [id=10932]
  0x00000289ffa33880 GCTaskThread "GC Thread#2" [stack: 0x000000f404400000,0x000000f404500000] [id=19304]
  0x000002898407b8e0 GCTaskThread "GC Thread#3" [stack: 0x000000f404500000,0x000000f404600000] [id=5412]
  0x000002898407bba0 GCTaskThread "GC Thread#4" [stack: 0x000000f404800000,0x000000f404900000] [id=11348]
  0x00000289ffbc2cc0 GCTaskThread "GC Thread#5" [stack: 0x000000f404900000,0x000000f404a00000] [id=11280]
  0x00000289ffa9cc50 GCTaskThread "GC Thread#6" [stack: 0x000000f404a00000,0x000000f404b00000] [id=13352]
  0x00000289fff194a0 GCTaskThread "GC Thread#7" [stack: 0x000000f404b00000,0x000000f404c00000] [id=6108]
  0x0000028999a5de60 ConcurrentGCThread "G1 Main Marker" [stack: 0x000000f402d00000,0x000000f402e00000] [id=5552]
  0x0000028999a5e880 ConcurrentGCThread "G1 Conc#0" [stack: 0x000000f402e00000,0x000000f402f00000] [id=12672]
  0x00000289bd300640 ConcurrentGCThread "G1 Refine#0" [stack: 0x000000f402f00000,0x000000f403000000] [id=12440]
  0x00000289bd301070 ConcurrentGCThread "G1 Service" [stack: 0x000000f403000000,0x000000f403100000] [id=10572]

Threads with active compile tasks:

VM state: not at safepoint (normal execution)

VM Mutex/Monitor currently owned by a thread: None

Heap address: 0x0000000703800000, size: 4040 MB, Compressed Oops mode: Zero based, Oop shift amount: 3

CDS archive(s) mapped at: [0x00000289be000000-0x00000289bebb0000-0x00000289bebb0000), size 12255232, SharedBaseAddress: 0x00000289be000000, ArchiveRelocationMode: 1.
Compressed class space mapped at: 0x00000289bf000000-0x00000289ff000000, reserved size: 1073741824
Narrow klass base: 0x00000289be000000, Narrow klass shift: 0, Narrow klass range: 0x100000000

GC Precious Log:
 CPUs: 16 total, 16 available
 Memory: 16154M
 Large Page Support: Disabled
 NUMA Support: Disabled
 Compressed Oops: Enabled (Zero based)
 Heap Region Size: 2M
 Heap Min Capacity: 8M
 Heap Initial Capacity: 254M
 Heap Max Capacity: 4040M
 Pre-touch: Disabled
 Parallel Workers: 13
 Concurrent Workers: 3
 Concurrent Refinement Workers: 13
 Periodic GC: Disabled

Heap:
 garbage-first heap   total 260096K, used 20168K [0x0000000703800000, 0x0000000800000000)
  region size 2048K, 4 young (8192K), 2 survivors (4096K)
 Metaspace       used 6942K, committed 7104K, reserved 1114112K
  class space    used 720K, committed 832K, reserved 1048576K

Heap Regions: E=young(eden), S=young(survivor), O=old, HS=humongous(starts), HC=humongous(continues), CS=collection set, F=free, OA=open archive, CA=closed archive, TAMS=top-at-mark-start (previous, next)
|   0|0x0000000703800000, 0x0000000703a00000, 0x0000000703a00000|100%|HS|  |TAMS 0x0000000703800000, 0x0000000703800000| Complete 
|   1|0x0000000703a00000, 0x0000000703c00000, 0x0000000703c00000|100%|HC|  |TAMS 0x0000000703a00000, 0x0000000703a00000| Complete 
|   2|0x0000000703c00000, 0x0000000703e00000, 0x0000000703e00000|100%|HC|  |TAMS 0x0000000703c00000, 0x0000000703c00000| Complete 
|   3|0x0000000703e00000, 0x0000000704000000, 0x0000000704000000|100%|HS|  |TAMS 0x0000000703e00000, 0x0000000703e00000| Complete 
|   4|0x0000000704000000, 0x0000000704200000, 0x0000000704200000|100%|HC|  |TAMS 0x0000000704000000, 0x0000000704000000| Complete 
|   5|0x0000000704200000, 0x0000000704400000, 0x0000000704400000|100%|HC|  |TAMS 0x0000000704200000, 0x0000000704200000| Complete 
|   6|0x0000000704400000, 0x00000007045b2000, 0x0000000704600000| 84%| O|  |TAMS 0x0000000704400000, 0x0000000704400000| Untracked 
|   7|0x0000000704600000, 0x0000000704600000, 0x0000000704800000|  0%| F|  |TAMS 0x0000000704600000, 0x0000000704600000| Untracked 
|   8|0x0000000704800000, 0x0000000704800000, 0x0000000704a00000|  0%| F|  |TAMS 0x0000000704800000, 0x0000000704800000| Untracked 
|   9|0x0000000704a00000, 0x0000000704a00000, 0x0000000704c00000|  0%| F|  |TAMS 0x0000000704a00000, 0x0000000704a00000| Untracked 
|  10|0x0000000704c00000, 0x0000000704c00000, 0x0000000704e00000|  0%| F|  |TAMS 0x0000000704c00000, 0x0000000704c00000| Untracked 
|  11|0x0000000704e00000, 0x0000000704e00000, 0x0000000705000000|  0%| F|  |TAMS 0x0000000704e00000, 0x0000000704e00000| Untracked 
|  12|0x0000000705000000, 0x0000000705000000, 0x0000000705200000|  0%| F|  |TAMS 0x0000000705000000, 0x0000000705000000| Untracked 
|  13|0x0000000705200000, 0x0000000705200000, 0x0000000705400000|  0%| F|  |TAMS 0x0000000705200000, 0x0000000705200000| Untracked 
|  14|0x0000000705400000, 0x0000000705400000, 0x0000000705600000|  0%| F|  |TAMS 0x0000000705400000, 0x0000000705400000| Untracked 
|  15|0x0000000705600000, 0x0000000705600000, 0x0000000705800000|  0%| F|  |TAMS 0x0000000705600000, 0x0000000705600000| Untracked 
|  16|0x0000000705800000, 0x0000000705800000, 0x0000000705a00000|  0%| F|  |TAMS 0x0000000705800000, 0x0000000705800000| Untracked 
|  17|0x0000000705a00000, 0x0000000705a00000, 0x0000000705c00000|  0%| F|  |TAMS 0x0000000705a00000, 0x0000000705a00000| Untracked 
|  18|0x0000000705c00000, 0x0000000705c00000, 0x0000000705e00000|  0%| F|  |TAMS 0x0000000705c00000, 0x0000000705c00000| Untracked 
|  19|0x0000000705e00000, 0x0000000705e00000, 0x0000000706000000|  0%| F|  |TAMS 0x0000000705e00000, 0x0000000705e00000| Untracked 
|  20|0x0000000706000000, 0x0000000706000000, 0x0000000706200000|  0%| F|  |TAMS 0x0000000706000000, 0x0000000706000000| Untracked 
|  21|0x0000000706200000, 0x0000000706200000, 0x0000000706400000|  0%| F|  |TAMS 0x0000000706200000, 0x0000000706200000| Untracked 
|  22|0x0000000706400000, 0x0000000706400000, 0x0000000706600000|  0%| F|  |TAMS 0x0000000706400000, 0x0000000706400000| Untracked 
|  23|0x0000000706600000, 0x0000000706600000, 0x0000000706800000|  0%| F|  |TAMS 0x0000000706600000, 0x0000000706600000| Untracked 
|  24|0x0000000706800000, 0x0000000706800000, 0x0000000706a00000|  0%| F|  |TAMS 0x0000000706800000, 0x0000000706800000| Untracked 
|  25|0x0000000706a00000, 0x0000000706a00000, 0x0000000706c00000|  0%| F|  |TAMS 0x0000000706a00000, 0x0000000706a00000| Untracked 
|  26|0x0000000706c00000, 0x0000000706c00000, 0x0000000706e00000|  0%| F|  |TAMS 0x0000000706c00000, 0x0000000706c00000| Untracked 
|  27|0x0000000706e00000, 0x0000000706e00000, 0x0000000707000000|  0%| F|  |TAMS 0x0000000706e00000, 0x0000000706e00000| Untracked 
|  28|0x0000000707000000, 0x0000000707000000, 0x0000000707200000|  0%| F|  |TAMS 0x0000000707000000, 0x0000000707000000| Untracked 
|  29|0x0000000707200000, 0x0000000707200000, 0x0000000707400000|  0%| F|  |TAMS 0x0000000707200000, 0x0000000707200000| Untracked 
|  30|0x0000000707400000, 0x0000000707400000, 0x0000000707600000|  0%| F|  |TAMS 0x0000000707400000, 0x0000000707400000| Untracked 
|  31|0x0000000707600000, 0x0000000707600000, 0x0000000707800000|  0%| F|  |TAMS 0x0000000707600000, 0x0000000707600000| Untracked 
|  32|0x0000000707800000, 0x0000000707800000, 0x0000000707a00000|  0%| F|  |TAMS 0x0000000707800000, 0x0000000707800000| Untracked 
|  33|0x0000000707a00000, 0x0000000707a00000, 0x0000000707c00000|  0%| F|  |TAMS 0x0000000707a00000, 0x0000000707a00000| Untracked 
|  34|0x0000000707c00000, 0x0000000707c00000, 0x0000000707e00000|  0%| F|  |TAMS 0x0000000707c00000, 0x0000000707c00000| Untracked 
|  35|0x0000000707e00000, 0x0000000707e00000, 0x0000000708000000|  0%| F|  |TAMS 0x0000000707e00000, 0x0000000707e00000| Untracked 
|  36|0x0000000708000000, 0x0000000708000000, 0x0000000708200000|  0%| F|  |TAMS 0x0000000708000000, 0x0000000708000000| Untracked 
|  37|0x0000000708200000, 0x0000000708200000, 0x0000000708400000|  0%| F|  |TAMS 0x0000000708200000, 0x0000000708200000| Untracked 
|  38|0x0000000708400000, 0x0000000708400000, 0x0000000708600000|  0%| F|  |TAMS 0x0000000708400000, 0x0000000708400000| Untracked 
|  39|0x0000000708600000, 0x0000000708600000, 0x0000000708800000|  0%| F|  |TAMS 0x0000000708600000, 0x0000000708600000| Untracked 
|  40|0x0000000708800000, 0x0000000708800000, 0x0000000708a00000|  0%| F|  |TAMS 0x0000000708800000, 0x0000000708800000| Untracked 
|  41|0x0000000708a00000, 0x0000000708a00000, 0x0000000708c00000|  0%| F|  |TAMS 0x0000000708a00000, 0x0000000708a00000| Untracked 
|  42|0x0000000708c00000, 0x0000000708c00000, 0x0000000708e00000|  0%| F|  |TAMS 0x0000000708c00000, 0x0000000708c00000| Untracked 
|  43|0x0000000708e00000, 0x0000000708e00000, 0x0000000709000000|  0%| F|  |TAMS 0x0000000708e00000, 0x0000000708e00000| Untracked 
|  44|0x0000000709000000, 0x0000000709000000, 0x0000000709200000|  0%| F|  |TAMS 0x0000000709000000, 0x0000000709000000| Untracked 
|  45|0x0000000709200000, 0x0000000709200000, 0x0000000709400000|  0%| F|  |TAMS 0x0000000709200000, 0x0000000709200000| Untracked 
|  46|0x0000000709400000, 0x0000000709400000, 0x0000000709600000|  0%| F|  |TAMS 0x0000000709400000, 0x0000000709400000| Untracked 
|  47|0x0000000709600000, 0x0000000709600000, 0x0000000709800000|  0%| F|  |TAMS 0x0000000709600000, 0x0000000709600000| Untracked 
|  48|0x0000000709800000, 0x0000000709800000, 0x0000000709a00000|  0%| F|  |TAMS 0x0000000709800000, 0x0000000709800000| Untracked 
|  49|0x0000000709a00000, 0x0000000709a00000, 0x0000000709c00000|  0%| F|  |TAMS 0x0000000709a00000, 0x0000000709a00000| Untracked 
|  50|0x0000000709c00000, 0x0000000709c00000, 0x0000000709e00000|  0%| F|  |TAMS 0x0000000709c00000, 0x0000000709c00000| Untracked 
|  51|0x0000000709e00000, 0x0000000709e00000, 0x000000070a000000|  0%| F|  |TAMS 0x0000000709e00000, 0x0000000709e00000| Untracked 
|  52|0x000000070a000000, 0x000000070a000000, 0x000000070a200000|  0%| F|  |TAMS 0x000000070a000000, 0x000000070a000000| Untracked 
|  53|0x000000070a200000, 0x000000070a200000, 0x000000070a400000|  0%| F|  |TAMS 0x000000070a200000, 0x000000070a200000| Untracked 
|  54|0x000000070a400000, 0x000000070a400000, 0x000000070a600000|  0%| F|  |TAMS 0x000000070a400000, 0x000000070a400000| Untracked 
|  55|0x000000070a600000, 0x000000070a600000, 0x000000070a800000|  0%| F|  |TAMS 0x000000070a600000, 0x000000070a600000| Untracked 
|  56|0x000000070a800000, 0x000000070a800000, 0x000000070aa00000|  0%| F|  |TAMS 0x000000070a800000, 0x000000070a800000| Untracked 
|  57|0x000000070aa00000, 0x000000070aa00000, 0x000000070ac00000|  0%| F|  |TAMS 0x000000070aa00000, 0x000000070aa00000| Untracked 
|  58|0x000000070ac00000, 0x000000070ac00000, 0x000000070ae00000|  0%| F|  |TAMS 0x000000070ac00000, 0x000000070ac00000| Untracked 
|  59|0x000000070ae00000, 0x000000070ae00000, 0x000000070b000000|  0%| F|  |TAMS 0x000000070ae00000, 0x000000070ae00000| Untracked 
|  60|0x000000070b000000, 0x000000070b000000, 0x000000070b200000|  0%| F|  |TAMS 0x000000070b000000, 0x000000070b000000| Untracked 
|  61|0x000000070b200000, 0x000000070b200000, 0x000000070b400000|  0%| F|  |TAMS 0x000000070b200000, 0x000000070b200000| Untracked 
|  62|0x000000070b400000, 0x000000070b400000, 0x000000070b600000|  0%| F|  |TAMS 0x000000070b400000, 0x000000070b400000| Untracked 
|  63|0x000000070b600000, 0x000000070b600000, 0x000000070b800000|  0%| F|  |TAMS 0x000000070b600000, 0x000000070b600000| Untracked 
|  64|0x000000070b800000, 0x000000070b800000, 0x000000070ba00000|  0%| F|  |TAMS 0x000000070b800000, 0x000000070b800000| Untracked 
|  65|0x000000070ba00000, 0x000000070ba00000, 0x000000070bc00000|  0%| F|  |TAMS 0x000000070ba00000, 0x000000070ba00000| Untracked 
|  66|0x000000070bc00000, 0x000000070bc00000, 0x000000070be00000|  0%| F|  |TAMS 0x000000070bc00000, 0x000000070bc00000| Untracked 
|  67|0x000000070be00000, 0x000000070be00000, 0x000000070c000000|  0%| F|  |TAMS 0x000000070be00000, 0x000000070be00000| Untracked 
|  68|0x000000070c000000, 0x000000070c000000, 0x000000070c200000|  0%| F|  |TAMS 0x000000070c000000, 0x000000070c000000| Untracked 
|  69|0x000000070c200000, 0x000000070c200000, 0x000000070c400000|  0%| F|  |TAMS 0x000000070c200000, 0x000000070c200000| Untracked 
|  70|0x000000070c400000, 0x000000070c400000, 0x000000070c600000|  0%| F|  |TAMS 0x000000070c400000, 0x000000070c400000| Untracked 
|  71|0x000000070c600000, 0x000000070c600000, 0x000000070c800000|  0%| F|  |TAMS 0x000000070c600000, 0x000000070c600000| Untracked 
|  72|0x000000070c800000, 0x000000070c800000, 0x000000070ca00000|  0%| F|  |TAMS 0x000000070c800000, 0x000000070c800000| Untracked 
|  73|0x000000070ca00000, 0x000000070ca00000, 0x000000070cc00000|  0%| F|  |TAMS 0x000000070ca00000, 0x000000070ca00000| Untracked 
|  74|0x000000070cc00000, 0x000000070cc00000, 0x000000070ce00000|  0%| F|  |TAMS 0x000000070cc00000, 0x000000070cc00000| Untracked 
|  75|0x000000070ce00000, 0x000000070ce00000, 0x000000070d000000|  0%| F|  |TAMS 0x000000070ce00000, 0x000000070ce00000| Untracked 
|  76|0x000000070d000000, 0x000000070d000000, 0x000000070d200000|  0%| F|  |TAMS 0x000000070d000000, 0x000000070d000000| Untracked 
|  77|0x000000070d200000, 0x000000070d200000, 0x000000070d400000|  0%| F|  |TAMS 0x000000070d200000, 0x000000070d200000| Untracked 
|  78|0x000000070d400000, 0x000000070d400000, 0x000000070d600000|  0%| F|  |TAMS 0x000000070d400000, 0x000000070d400000| Untracked 
|  79|0x000000070d600000, 0x000000070d600000, 0x000000070d800000|  0%| F|  |TAMS 0x000000070d600000, 0x000000070d600000| Untracked 
|  80|0x000000070d800000, 0x000000070d800000, 0x000000070da00000|  0%| F|  |TAMS 0x000000070d800000, 0x000000070d800000| Untracked 
|  81|0x000000070da00000, 0x000000070da00000, 0x000000070dc00000|  0%| F|  |TAMS 0x000000070da00000, 0x000000070da00000| Untracked 
|  82|0x000000070dc00000, 0x000000070dc00000, 0x000000070de00000|  0%| F|  |TAMS 0x000000070dc00000, 0x000000070dc00000| Untracked 
|  83|0x000000070de00000, 0x000000070de00000, 0x000000070e000000|  0%| F|  |TAMS 0x000000070de00000, 0x000000070de00000| Untracked 
|  84|0x000000070e000000, 0x000000070e000000, 0x000000070e200000|  0%| F|  |TAMS 0x000000070e000000, 0x000000070e000000| Untracked 
|  85|0x000000070e200000, 0x000000070e200000, 0x000000070e400000|  0%| F|  |TAMS 0x000000070e200000, 0x000000070e200000| Untracked 
|  86|0x000000070e400000, 0x000000070e400000, 0x000000070e600000|  0%| F|  |TAMS 0x000000070e400000, 0x000000070e400000| Untracked 
|  87|0x000000070e600000, 0x000000070e600000, 0x000000070e800000|  0%| F|  |TAMS 0x000000070e600000, 0x000000070e600000| Untracked 
|  88|0x000000070e800000, 0x000000070e800000, 0x000000070ea00000|  0%| F|  |TAMS 0x000000070e800000, 0x000000070e800000| Untracked 
|  89|0x000000070ea00000, 0x000000070ea00000, 0x000000070ec00000|  0%| F|  |TAMS 0x000000070ea00000, 0x000000070ea00000| Untracked 
|  90|0x000000070ec00000, 0x000000070ec00000, 0x000000070ee00000|  0%| F|  |TAMS 0x000000070ec00000, 0x000000070ec00000| Untracked 
|  91|0x000000070ee00000, 0x000000070ee00000, 0x000000070f000000|  0%| F|  |TAMS 0x000000070ee00000, 0x000000070ee00000| Untracked 
|  92|0x000000070f000000, 0x000000070f000000, 0x000000070f200000|  0%| F|  |TAMS 0x000000070f000000, 0x000000070f000000| Untracked 
|  93|0x000000070f200000, 0x000000070f200000, 0x000000070f400000|  0%| F|  |TAMS 0x000000070f200000, 0x000000070f200000| Untracked 
|  94|0x000000070f400000, 0x000000070f400000, 0x000000070f600000|  0%| F|  |TAMS 0x000000070f400000, 0x000000070f400000| Untracked 
|  95|0x000000070f600000, 0x000000070f600000, 0x000000070f800000|  0%| F|  |TAMS 0x000000070f600000, 0x000000070f600000| Untracked 
|  96|0x000000070f800000, 0x000000070f800000, 0x000000070fa00000|  0%| F|  |TAMS 0x000000070f800000, 0x000000070f800000| Untracked 
|  97|0x000000070fa00000, 0x000000070fa00000, 0x000000070fc00000|  0%| F|  |TAMS 0x000000070fa00000, 0x000000070fa00000| Untracked 
|  98|0x000000070fc00000, 0x000000070fc00000, 0x000000070fe00000|  0%| F|  |TAMS 0x000000070fc00000, 0x000000070fc00000| Untracked 
|  99|0x000000070fe00000, 0x000000070fe00000, 0x0000000710000000|  0%| F|  |TAMS 0x000000070fe00000, 0x000000070fe00000| Untracked 
| 100|0x0000000710000000, 0x0000000710000000, 0x0000000710200000|  0%| F|  |TAMS 0x0000000710000000, 0x0000000710000000| Untracked 
| 101|0x0000000710200000, 0x0000000710200000, 0x0000000710400000|  0%| F|  |TAMS 0x0000000710200000, 0x0000000710200000| Untracked 
| 102|0x0000000710400000, 0x0000000710400000, 0x0000000710600000|  0%| F|  |TAMS 0x0000000710400000, 0x0000000710400000| Untracked 
| 103|0x0000000710600000, 0x0000000710600000, 0x0000000710800000|  0%| F|  |TAMS 0x0000000710600000, 0x0000000710600000| Untracked 
| 104|0x0000000710800000, 0x0000000710800000, 0x0000000710a00000|  0%| F|  |TAMS 0x0000000710800000, 0x0000000710800000| Untracked 
| 105|0x0000000710a00000, 0x0000000710a00000, 0x0000000710c00000|  0%| F|  |TAMS 0x0000000710a00000, 0x0000000710a00000| Untracked 
| 106|0x0000000710c00000, 0x0000000710c00000, 0x0000000710e00000|  0%| F|  |TAMS 0x0000000710c00000, 0x0000000710c00000| Untracked 
| 107|0x0000000710e00000, 0x0000000710e00000, 0x0000000711000000|  0%| F|  |TAMS 0x0000000710e00000, 0x0000000710e00000| Untracked 
| 108|0x0000000711000000, 0x0000000711000000, 0x0000000711200000|  0%| F|  |TAMS 0x0000000711000000, 0x0000000711000000| Untracked 
| 109|0x0000000711200000, 0x0000000711200000, 0x0000000711400000|  0%| F|  |TAMS 0x0000000711200000, 0x0000000711200000| Untracked 
| 110|0x0000000711400000, 0x0000000711400000, 0x0000000711600000|  0%| F|  |TAMS 0x0000000711400000, 0x0000000711400000| Untracked 
| 111|0x0000000711600000, 0x0000000711600000, 0x0000000711800000|  0%| F|  |TAMS 0x0000000711600000, 0x0000000711600000| Untracked 
| 112|0x0000000711800000, 0x0000000711800000, 0x0000000711a00000|  0%| F|  |TAMS 0x0000000711800000, 0x0000000711800000| Untracked 
| 113|0x0000000711a00000, 0x0000000711a00000, 0x0000000711c00000|  0%| F|  |TAMS 0x0000000711a00000, 0x0000000711a00000| Untracked 
| 114|0x0000000711c00000, 0x0000000711e00000, 0x0000000711e00000|100%| S|CS|TAMS 0x0000000711c00000, 0x0000000711c00000| Complete 
| 115|0x0000000711e00000, 0x0000000712000000, 0x0000000712000000|100%| S|CS|TAMS 0x0000000711e00000, 0x0000000711e00000| Complete 
| 116|0x0000000712000000, 0x0000000712000000, 0x0000000712200000|  0%| F|  |TAMS 0x0000000712000000, 0x0000000712000000| Untracked 
| 117|0x0000000712200000, 0x0000000712200000, 0x0000000712400000|  0%| F|  |TAMS 0x0000000712200000, 0x0000000712200000| Untracked 
| 118|0x0000000712400000, 0x0000000712400000, 0x0000000712600000|  0%| F|  |TAMS 0x0000000712400000, 0x0000000712400000| Untracked 
| 119|0x0000000712600000, 0x0000000712600000, 0x0000000712800000|  0%| F|  |TAMS 0x0000000712600000, 0x0000000712600000| Untracked 
| 120|0x0000000712800000, 0x0000000712800000, 0x0000000712a00000|  0%| F|  |TAMS 0x0000000712800000, 0x0000000712800000| Untracked 
| 121|0x0000000712a00000, 0x0000000712a00000, 0x0000000712c00000|  0%| F|  |TAMS 0x0000000712a00000, 0x0000000712a00000| Untracked 
| 122|0x0000000712c00000, 0x0000000712c00000, 0x0000000712e00000|  0%| F|  |TAMS 0x0000000712c00000, 0x0000000712c00000| Untracked 
| 123|0x0000000712e00000, 0x0000000712e00000, 0x0000000713000000|  0%| F|  |TAMS 0x0000000712e00000, 0x0000000712e00000| Untracked 
| 124|0x0000000713000000, 0x0000000713000000, 0x0000000713200000|  0%| F|  |TAMS 0x0000000713000000, 0x0000000713000000| Untracked 
| 125|0x0000000713200000, 0x000000071324c968, 0x0000000713400000| 14%| E|  |TAMS 0x0000000713200000, 0x0000000713200000| Complete 
| 126|0x0000000713400000, 0x0000000713600000, 0x0000000713600000|100%| E|CS|TAMS 0x0000000713400000, 0x0000000713400000| Complete 

Card table byte_map: [0x00000289b1590000,0x00000289b1d80000] _byte_map_base: 0x00000289add74000

Marking Bits (Prev, Next): (CMBitMap*) 0x0000028999a4d8b0, (CMBitMap*) 0x0000028999a4d8f0
 Prev Bits: [0x00000289b2570000, 0x00000289b6490000)
 Next Bits: [0x00000289b6490000, 0x00000289ba3b0000)

Polling page: 0x0000028997960000

Metaspace:

Usage:
  Non-class:      6.08 MB used.
      Class:    720.94 KB used.
       Both:      6.78 MB used.

Virtual space:
  Non-class space:       64.00 MB reserved,       6.12 MB ( 10%) committed,  1 nodes.
      Class space:        1.00 GB reserved,     832.00 KB ( <1%) committed,  1 nodes.
             Both:        1.06 GB reserved,       6.94 MB ( <1%) committed. 

Chunk freelists:
   Non-Class:  9.01 MB
       Class:  15.24 MB
        Both:  24.24 MB

MaxMetaspaceSize: unlimited
CompressedClassSpaceSize: 1.00 GB
Initial GC threshold: 21.00 MB
Current GC threshold: 21.00 MB
CDS: on
MetaspaceReclaimPolicy: balanced
 - commit_granule_bytes: 65536.
 - commit_granule_words: 8192.
 - virtual_space_node_default_size: 8388608.
 - enlarge_chunks_in_place: 1.
 - new_chunks_are_fully_committed: 0.
 - uncommit_free_chunks: 1.
 - use_allocation_guard: 0.
 - handle_deallocations: 1.


Internal statistics:

num_allocs_failed_limit: 0.
num_arena_births: 118.
num_arena_deaths: 0.
num_vsnodes_births: 2.
num_vsnodes_deaths: 0.
num_space_committed: 111.
num_space_uncommitted: 0.
num_chunks_returned_to_freelist: 0.
num_chunks_taken_from_freelist: 160.
num_chunk_merges: 0.
num_chunk_splits: 92.
num_chunks_enlarged: 33.
num_inconsistent_stats: 0.

CodeHeap 'non-profiled nmethods': size=119168Kb used=367Kb max_used=367Kb free=118800Kb
 bounds [0x00000289a90c0000, 0x00000289a9330000, 0x00000289b0520000]
CodeHeap 'profiled nmethods': size=119104Kb used=2162Kb max_used=2162Kb free=116942Kb
 bounds [0x00000289a1520000, 0x00000289a1790000, 0x00000289a8970000]
CodeHeap 'non-nmethods': size=7488Kb used=1250Kb max_used=2966Kb free=6237Kb
 bounds [0x00000289a8970000, 0x00000289a8c60000, 0x00000289a90c0000]
 total_blobs=1679 nmethods=1109 adapters=483
 compilation: enabled
              stopped_count=0, restarted_count=0
 full_count=0

Compilation events (20 events):
Event: 4.737 Thread 0x00000289bd46a830 1100       4       sun.awt.AppContext::getAppContext (51 bytes)
Event: 4.737 Thread 0x00000289bd46a830 nmethod 1100 0x00000289a911b210 code [0x00000289a911b380, 0x00000289a911b438]
Event: 5.178 Thread 0x00000289bd478760 1101       3       sun.util.locale.InternalLocaleBuilder::setExtensions (206 bytes)
Event: 5.180 Thread 0x00000289bd478760 nmethod 1101 0x00000289a1736610 code [0x00000289a1736b00, 0x00000289a17393f8]
Event: 2162.747 Thread 0x00000289bd478760 1102       3       java.lang.ref.ReferenceQueue::reallyPoll (65 bytes)
Event: 2162.747 Thread 0x00000289bd478760 nmethod 1102 0x00000289a173a190 code [0x00000289a173a360, 0x00000289a173a8b8]
Event: 2634.022 Thread 0x00000289bd46a830 1103       4       java.util.concurrent.ConcurrentHashMap::spread (10 bytes)
Event: 2634.022 Thread 0x00000289bd46a830 nmethod 1103 0x00000289a911b510 code [0x00000289a911b680, 0x00000289a911b6f8]
Event: 2634.025 Thread 0x00000289bd478760 1104       3       java.util.HashSet::contains (9 bytes)
Event: 2634.025 Thread 0x00000289bd478760 nmethod 1104 0x00000289a173a990 code [0x00000289a173ab40, 0x00000289a173ad28]
Event: 2634.025 Thread 0x00000289bd478760 1105       3       sun.nio.cs.SingleByte$Encoder::encode (32 bytes)
Event: 2634.025 Thread 0x00000289bd478760 nmethod 1105 0x00000289a173ae10 code [0x00000289a173afc0, 0x00000289a173b1b8]
Event: 2634.036 Thread 0x00000289bd478760 1106       3       java.lang.String::getChars (54 bytes)
Event: 2634.036 Thread 0x00000289bd478760 nmethod 1106 0x00000289a173b310 code [0x00000289a173b500, 0x00000289a173b978]
Event: 2634.036 Thread 0x00000289bd478760 1107       3       java.lang.StringLatin1::getChars (12 bytes)
Event: 2634.036 Thread 0x00000289bd478760 nmethod 1107 0x00000289a173bb90 code [0x00000289a173bd20, 0x00000289a173be48]
Event: 2634.125 Thread 0x00000289bd478760 1108       3       java.util.Arrays::equals (43 bytes)
Event: 2634.125 Thread 0x00000289bd478760 nmethod 1108 0x00000289a173bf10 code [0x00000289a173c0e0, 0x00000289a173c3c8]
Event: 2634.126 Thread 0x00000289bd478760 1109       3       java.lang.Module::isNamed (13 bytes)
Event: 2634.126 Thread 0x00000289bd478760 nmethod 1109 0x00000289a173c490 code [0x00000289a173c620, 0x00000289a173c798]

GC Heap History (2 events):
Event: 2.728 GC heap before
{Heap before GC invocations=0 (full 0):
 garbage-first heap   total 260096K, used 32768K [0x0000000703800000, 0x0000000800000000)
  region size 2048K, 11 young (22528K), 0 survivors (0K)
 Metaspace       used 6898K, committed 7104K, reserved 1114112K
  class space    used 715K, committed 832K, reserved 1048576K
}
Event: 2.731 GC heap after
{Heap after GC invocations=1 (full 0):
 garbage-first heap   total 260096K, used 18120K [0x0000000703800000, 0x0000000800000000)
  region size 2048K, 2 young (4096K), 2 survivors (4096K)
 Metaspace       used 6898K, committed 7104K, reserved 1114112K
  class space    used 715K, committed 832K, reserved 1048576K
}

Dll operation events (9 events):
Event: 0.004 Loaded shared library C:\Program Files\Eclipse Adoptium\jdk-17.0.12.7-hotspot\bin\java.dll
Event: 0.019 Loaded shared library C:\Program Files\Eclipse Adoptium\jdk-17.0.12.7-hotspot\bin\jsvml.dll
Event: 0.043 Loaded shared library C:\Program Files\Eclipse Adoptium\jdk-17.0.12.7-hotspot\bin\jimage.dll
Event: 0.054 Loaded shared library C:\Program Files\Eclipse Adoptium\jdk-17.0.12.7-hotspot\bin\awt.dll
Event: 0.168 Loaded shared library C:\Program Files\Eclipse Adoptium\jdk-17.0.12.7-hotspot\bin\zip.dll
Event: 0.288 Loaded shared library C:\Program Files\Eclipse Adoptium\jdk-17.0.12.7-hotspot\bin\freetype.dll
Event: 0.288 Loaded shared library C:\Program Files\Eclipse Adoptium\jdk-17.0.12.7-hotspot\bin\fontmanager.dll
Event: 0.352 Loaded shared library C:\Program Files\Eclipse Adoptium\jdk-17.0.12.7-hotspot\bin\net.dll
Event: 0.353 Loaded shared library C:\Program Files\Eclipse Adoptium\jdk-17.0.12.7-hotspot\bin\nio.dll

Deoptimization events (20 events):
Event: 0.251 Thread 0x00000289bd827590 DEOPT PACKING pc=0x00000289a1630c6d sp=0x000000f4042fed00
Event: 0.251 Thread 0x00000289bd827590 DEOPT UNPACKING pc=0x00000289a89c7143 sp=0x000000f4042fe170 mode 0
Event: 0.251 Thread 0x00000289bd827590 DEOPT PACKING pc=0x00000289a1630c6d sp=0x000000f4042fed00
Event: 0.251 Thread 0x00000289bd827590 DEOPT UNPACKING pc=0x00000289a89c7143 sp=0x000000f4042fe170 mode 0
Event: 0.299 Thread 0x00000289999ded10 Uncommon trap: trap_request=0xffffff45 fr.pc=0x00000289a90e341c relative=0x000000000000031c
Event: 0.300 Thread 0x00000289999ded10 Uncommon trap: reason=unstable_if action=reinterpret pc=0x00000289a90e341c method=java.lang.StringUTF16.compress([CI[BII)I @ 20 c2
Event: 0.301 Thread 0x00000289999ded10 DEOPT PACKING pc=0x00000289a90e341c sp=0x000000f402bfd000
Event: 0.301 Thread 0x00000289999ded10 DEOPT UNPACKING pc=0x00000289a89c69a3 sp=0x000000f402bfcf80 mode 2
Event: 2.733 Thread 0x00000289ffb57540 Uncommon trap: trap_request=0xffffff45 fr.pc=0x00000289a9113a4c relative=0x00000000000000ac
Event: 2.733 Thread 0x00000289ffb57540 Uncommon trap: reason=unstable_if action=reinterpret pc=0x00000289a9113a4c method=java.awt.Component.inside(II)Z @ 13 c2
Event: 2.733 Thread 0x00000289ffb57540 DEOPT PACKING pc=0x00000289a9113a4c sp=0x000000f4047fe870
Event: 2.733 Thread 0x00000289ffb57540 DEOPT UNPACKING pc=0x00000289a89c69a3 sp=0x000000f4047fe710 mode 2
Event: 4.991 Thread 0x00000289ffb57540 Uncommon trap: trap_request=0xffffff45 fr.pc=0x00000289a9119530 relative=0x00000000000000b0
Event: 4.991 Thread 0x00000289ffb57540 Uncommon trap: reason=unstable_if action=reinterpret pc=0x00000289a9119530 method=java.awt.Component.inside(II)Z @ 9 c2
Event: 4.991 Thread 0x00000289ffb57540 DEOPT PACKING pc=0x00000289a9119530 sp=0x000000f4047feb10
Event: 4.991 Thread 0x00000289ffb57540 DEOPT UNPACKING pc=0x00000289a89c69a3 sp=0x000000f4047fe9a8 mode 2
Event: 5.178 Thread 0x00000289ffb57540 Uncommon trap: trap_request=0xffffff45 fr.pc=0x00000289a911a048 relative=0x00000000000001a8
Event: 5.178 Thread 0x00000289ffb57540 Uncommon trap: reason=unstable_if action=reinterpret pc=0x00000289a911a048 method=java.security.AccessControlContext.optimize()Ljava/security/AccessControlContext; @ 207 c2
Event: 5.178 Thread 0x00000289ffb57540 DEOPT PACKING pc=0x00000289a911a048 sp=0x000000f4047fea30
Event: 5.178 Thread 0x00000289ffb57540 DEOPT UNPACKING pc=0x00000289a89c69a3 sp=0x000000f4047fe990 mode 2

Classes loaded (20 events):
Event: 0.918 Loading class java/awt/event/MouseWheelEvent
Event: 0.918 Loading class java/awt/event/MouseWheelEvent done
Event: 2634.023 Loading class java/util/WeakHashMap$KeyIterator
Event: 2634.023 Loading class java/util/WeakHashMap$HashIterator
Event: 2634.023 Loading class java/util/WeakHashMap$HashIterator done
Event: 2634.023 Loading class java/util/WeakHashMap$KeyIterator done
Event: 2634.023 Loading class javax/swing/RepaintManager$DisplayChangedRunnable
Event: 2634.023 Loading class javax/swing/RepaintManager$DisplayChangedRunnable done
Event: 2634.023 Loading class java/awt/AWTError
Event: 2634.023 Loading class java/awt/AWTError done
Event: 2634.024 Loading class java/lang/InterruptedException
Event: 2634.024 Loading class java/lang/InterruptedException done
Event: 2634.024 Loading class java/lang/Throwable$WrappedPrintStream
Event: 2634.024 Loading class java/lang/Throwable$PrintStreamOrWriter
Event: 2634.024 Loading class java/lang/Throwable$PrintStreamOrWriter done
Event: 2634.024 Loading class java/lang/Throwable$WrappedPrintStream done
Event: 2634.025 Loading class java/lang/StackTraceElement$HashedModules
Event: 2634.025 Loading class java/lang/StackTraceElement$HashedModules done
Event: 2634.125 Loading class java/awt/AWTException
Event: 2634.126 Loading class java/awt/AWTException done

Classes unloaded (0 events):
No events

Classes redefined (0 events):
No events

Internal exceptions (13 events):
Event: 0.049 Thread 0x00000289999ded10 Exception <a 'java/lang/ClassNotFoundException'{0x000000071352db60}: sun/awt/resources/spi/awtProvider> (0x000000071352db60) 
thrown [s\src\hotspot\share\classfile\systemDictionary.cpp, line 256]
Event: 0.066 Thread 0x00000289999ded10 Exception <a 'java/io/FileNotFoundException'{0x0000000713233fb8}> (0x0000000713233fb8) 
thrown [s\src\hotspot\share\prims\jni.cpp, line 516]
Event: 0.072 Thread 0x00000289999ded10 Exception <a 'java/io/FileNotFoundException'{0x0000000713260ef8}> (0x0000000713260ef8) 
thrown [s\src\hotspot\share\prims\jni.cpp, line 516]
Event: 0.101 Thread 0x00000289999ded10 Exception <a 'java/lang/NoSuchMethodError'{0x00000007132a1740}: 'java.lang.Object java.lang.invoke.DirectMethodHandle$Holder.invokeStaticInit(java.lang.Object)'> (0x00000007132a1740) 
thrown [s\src\hotspot\share\interpreter\linkResolver.cpp, line 759]
Event: 0.121 Thread 0x00000289999ded10 Exception <a 'java/lang/NoSuchMethodError'{0x000000071335ec48}: 'void java.lang.invoke.DirectMethodHandle$Holder.invokeSpecial(java.lang.Object, java.lang.Object, java.lang.Object)'> (0x000000071335ec48) 
thrown [s\src\hotspot\share\interpreter\linkResolver.cpp, line 759]
Event: 0.126 Thread 0x00000289999ded10 Exception <a 'java/lang/NoSuchMethodError'{0x0000000713388b70}: 'java.lang.Object java.lang.invoke.DirectMethodHandle$Holder.newInvokeSpecial(java.lang.Object, java.lang.Object, java.lang.Object, java.lang.Object, java.lang.Object)'> (0x0000000713388b70) 
thrown [s\src\hotspot\share\interpreter\linkResolver.cpp, line 759]
Event: 0.128 Thread 0x00000289999ded10 Exception <a 'java/lang/NoSuchMethodError'{0x0000000713394508}: 'java.lang.Object java.lang.invoke.DirectMethodHandle$Holder.invokeStatic(java.lang.Object, int, java.lang.Object, java.lang.Object, java.lang.Object, java.lang.Object)'> (0x0000000713394508) 
thrown [s\src\hotspot\share\interpreter\linkResolver.cpp, line 759]
Event: 0.131 Thread 0x00000289999ded10 Exception <a 'java/lang/NoSuchMethodError'{0x00000007133b9d28}: 'java.lang.Object java.lang.invoke.DirectMethodHandle$Holder.invokeStatic(java.lang.Object, int, java.lang.Object)'> (0x00000007133b9d28) 
thrown [s\src\hotspot\share\interpreter\linkResolver.cpp, line 759]
Event: 0.150 Thread 0x00000289999ded10 Exception <a 'java/lang/ClassNotFoundException'{0x00000007130719a0}: com/sun/swing/internal/plaf/metal/resources/spi/metalProvider> (0x00000007130719a0) 
thrown [s\src\hotspot\share\classfile\systemDictionary.cpp, line 256]
Event: 0.151 Thread 0x00000289999ded10 Exception <a 'java/lang/ClassNotFoundException'{0x0000000713075570}: com/sun/swing/internal/plaf/basic/resources/spi/basicProvider> (0x0000000713075570) 
thrown [s\src\hotspot\share\classfile\systemDictionary.cpp, line 256]
Event: 0.189 Thread 0x00000289bd827590 Exception <a 'java/lang/NoSuchMethodError'{0x0000000712e74798}: 'java.lang.Object java.lang.invoke.DirectMethodHandle$Holder.newInvokeSpecial(java.lang.Object, java.lang.Object, java.lang.Object, int, int, int, int, int)'> (0x0000000712e74798) 
thrown [s\src\hotspot\share\interpreter\linkResolver.cpp, line 759]
Event: 0.283 Thread 0x00000289999ded10 Exception <a 'java/lang/NoSuchMethodError'{0x00000007130cbdd0}: 'void java.lang.invoke.DirectMethodHandle$Holder.invokeStaticInit(java.lang.Object)'> (0x00000007130cbdd0) 
thrown [s\src\hotspot\share\interpreter\linkResolver.cpp, line 759]
Event: 0.319 Thread 0x00000289bd7abca0 Exception <a 'java/lang/NoSuchMethodError'{0x00000007132f1c90}: 'void java.lang.invoke.DirectMethodHandle$Holder.invokeVirtual(java.lang.Object, java.lang.Object)'> (0x00000007132f1c90) 
thrown [s\src\hotspot\share\interpreter\linkResolver.cpp, line 759]

VM Operations (20 events):
Event: 0.340 Executing VM operation: HandshakeAllThreads
Event: 0.340 Executing VM operation: HandshakeAllThreads done
Event: 0.350 Executing VM operation: HandshakeAllThreads
Event: 0.350 Executing VM operation: HandshakeAllThreads done
Event: 0.354 Executing VM operation: HandshakeAllThreads
Event: 0.354 Executing VM operation: HandshakeAllThreads done
Event: 1.354 Executing VM operation: Cleanup
Event: 1.354 Executing VM operation: Cleanup done
Event: 2.355 Executing VM operation: Cleanup
Event: 2.355 Executing VM operation: Cleanup done
Event: 2.728 Executing VM operation: G1CollectForAllocation
Event: 2.731 Executing VM operation: G1CollectForAllocation done
Event: 3.731 Executing VM operation: Cleanup
Event: 3.731 Executing VM operation: Cleanup done
Event: 4.732 Executing VM operation: Cleanup
Event: 4.732 Executing VM operation: Cleanup done
Event: 5.733 Executing VM operation: Cleanup
Event: 5.733 Executing VM operation: Cleanup done
Event: 60.116 Executing VM operation: HandshakeAllThreads
Event: 60.116 Executing VM operation: HandshakeAllThreads done

Events (20 events):
Event: 0.036 Thread 0x00000289bd600a60 Thread added: 0x00000289bd600a60
Event: 0.037 Thread 0x00000289bd6037b0 Thread added: 0x00000289bd6037b0
Event: 0.101 Thread 0x00000289bd7dd480 Thread added: 0x00000289bd7dd480
Event: 0.102 Thread 0x00000289bd7e9780 Thread added: 0x00000289bd7e9780
Event: 0.103 Thread 0x00000289bd7abca0 Thread added: 0x00000289bd7abca0
Event: 0.162 Thread 0x00000289bd827590 Thread added: 0x00000289bd827590
Event: 0.173 Thread 0x00000289bd84e9f0 Thread added: 0x00000289bd84e9f0
Event: 0.173 Thread 0x00000289ff82a220 Thread added: 0x00000289ff82a220
Event: 0.177 Thread 0x00000289ff836060 Thread added: 0x00000289ff836060
Event: 0.263 Thread 0x00000289ffdc0d70 Thread added: 0x00000289ffdc0d70
Event: 0.270 Thread 0x00000289ffb57540 Thread added: 0x00000289ffb57540
Event: 0.306 Thread 0x00000289ffabc850 Thread added: 0x00000289ffabc850
Event: 0.339 Thread 0x00000289999ded10 Thread exited: 0x00000289999ded10
Event: 0.340 Thread 0x00000289ffbe5ac0 Thread added: 0x00000289ffbe5ac0
Event: 0.639 Thread 0x00000289ffabc850 Thread exited: 0x00000289ffabc850
Event: 0.639 Thread 0x00000289ff836060 Thread exited: 0x00000289ff836060
Event: 2.137 Thread 0x00000289ff82a220 Thread exited: 0x00000289ff82a220
Event: 2.137 Thread 0x00000289bd84e9f0 Thread exited: 0x00000289bd84e9f0
Event: 4.156 Thread 0x00000289bd435ac0 Thread exited: 0x00000289bd435ac0
Event: 5.260 Thread 0x00000289bd827590 Thread exited: 0x00000289bd827590


Dynamic libraries:
0x00007ff6f0f40000 - 0x00007ff6f0f4e000 	C:\Program Files\Eclipse Adoptium\jdk-17.0.12.7-hotspot\bin\java.exe
0x00007ffa49f30000 - 0x00007ffa4a147000 	C:\WINDOWS\SYSTEM32\ntdll.dll
0x00007ffa481a0000 - 0x00007ffa48264000 	C:\WINDOWS\System32\KERNEL32.DLL
0x00007ffa473f0000 - 0x00007ffa47796000 	C:\WINDOWS\System32\KERNELBASE.dll
0x00007ffa47910000 - 0x00007ffa47a21000 	C:\WINDOWS\System32\ucrtbase.dll
0x00007ffa18e00000 - 0x00007ffa18e1b000 	C:\Program Files\Eclipse Adoptium\jdk-17.0.12.7-hotspot\bin\VCRUNTIME140.dll
0x00007ffa405a0000 - 0x00007ffa405b7000 	C:\Program Files\Eclipse Adoptium\jdk-17.0.12.7-hotspot\bin\jli.dll
0x00007ffa48e50000 - 0x00007ffa48ffe000 	C:\WINDOWS\System32\USER32.dll
0x00007ffa473c0000 - 0x00007ffa473e6000 	C:\WINDOWS\System32\win32u.dll
0x00007ffa26270000 - 0x00007ffa26503000 	C:\WINDOWS\WinSxS\amd64_microsoft.windows.common-controls_6595b64144ccf1df_6.0.22621.2506_none_270c5ae97388e100\COMCTL32.dll
0x00007ffa47c80000 - 0x00007ffa47ca9000 	C:\WINDOWS\System32\GDI32.dll
0x00007ffa48d10000 - 0x00007ffa48db7000 	C:\WINDOWS\System32\msvcrt.dll
0x00007ffa47a30000 - 0x00007ffa47b48000 	C:\WINDOWS\System32\gdi32full.dll
0x00007ffa47320000 - 0x00007ffa473ba000 	C:\WINDOWS\System32\msvcp_win.dll
0x00007ffa49000000 - 0x00007ffa49031000 	C:\WINDOWS\System32\IMM32.DLL
0x00007ffa40690000 - 0x00007ffa4069c000 	C:\Program Files\Eclipse Adoptium\jdk-17.0.12.7-hotspot\bin\vcruntime140_1.dll
0x00007ffa01b30000 - 0x00007ffa01bbd000 	C:\Program Files\Eclipse Adoptium\jdk-17.0.12.7-hotspot\bin\msvcp140.dll
0x00007ff97b2b0000 - 0x00007ff97bf1a000 	C:\Program Files\Eclipse Adoptium\jdk-17.0.12.7-hotspot\bin\server\jvm.dll
0x00007ffa48b20000 - 0x00007ffa48bd1000 	C:\WINDOWS\System32\ADVAPI32.dll
0x00007ffa49070000 - 0x00007ffa49115000 	C:\WINDOWS\System32\sechost.dll
0x00007ffa48270000 - 0x00007ffa48387000 	C:\WINDOWS\System32\RPCRT4.dll
0x00007ffa48c90000 - 0x00007ffa48d01000 	C:\WINDOWS\System32\WS2_32.dll
0x00007ffa460b0000 - 0x00007ffa460fd000 	C:\WINDOWS\SYSTEM32\POWRPROF.dll
0x00007ffa3f820000 - 0x00007ffa3f854000 	C:\WINDOWS\SYSTEM32\WINMM.dll
0x00007ffa3b2a0000 - 0x00007ffa3b2aa000 	C:\WINDOWS\SYSTEM32\VERSION.dll
0x00007ffa46090000 - 0x00007ffa460a3000 	C:\WINDOWS\SYSTEM32\UMPDC.dll
0x00007ffa46350000 - 0x00007ffa46368000 	C:\WINDOWS\SYSTEM32\kernel.appcore.dll
0x00007ffa3fd30000 - 0x00007ffa3fd3a000 	C:\Program Files\Eclipse Adoptium\jdk-17.0.12.7-hotspot\bin\jimage.dll
0x00007ffa44c40000 - 0x00007ffa44e73000 	C:\WINDOWS\SYSTEM32\DBGHELP.DLL
0x00007ffa48790000 - 0x00007ffa48b19000 	C:\WINDOWS\System32\combase.dll
0x00007ffa49e10000 - 0x00007ffa49ee7000 	C:\WINDOWS\System32\OLEAUT32.dll
0x00007ffa39e80000 - 0x00007ffa39eb2000 	C:\WINDOWS\SYSTEM32\dbgcore.DLL
0x00007ffa472a0000 - 0x00007ffa4731a000 	C:\WINDOWS\System32\bcryptPrimitives.dll
0x00007ffa06310000 - 0x00007ffa06335000 	C:\Program Files\Eclipse Adoptium\jdk-17.0.12.7-hotspot\bin\java.dll
0x00007ffa06230000 - 0x00007ffa06307000 	C:\Program Files\Eclipse Adoptium\jdk-17.0.12.7-hotspot\bin\jsvml.dll
0x00007ffa49440000 - 0x00007ffa49c9a000 	C:\WINDOWS\System32\SHELL32.dll
0x00007ffa45170000 - 0x00007ffa45a66000 	C:\WINDOWS\SYSTEM32\windows.storage.dll
0x00007ffa45030000 - 0x00007ffa4516e000 	C:\WINDOWS\SYSTEM32\wintypes.dll
0x00007ffa49cc0000 - 0x00007ffa49db3000 	C:\WINDOWS\System32\SHCORE.dll
0x00007ffa49370000 - 0x00007ffa493ce000 	C:\WINDOWS\System32\shlwapi.dll
0x00007ffa471d0000 - 0x00007ffa471f6000 	C:\WINDOWS\SYSTEM32\profapi.dll
0x00007ff97b120000 - 0x00007ff97b2b0000 	C:\Program Files\Eclipse Adoptium\jdk-17.0.12.7-hotspot\bin\awt.dll
0x00007ffa443e0000 - 0x00007ffa44477000 	C:\WINDOWS\SYSTEM32\apphelp.dll
0x00007ffa446e0000 - 0x00007ffa4470b000 	C:\WINDOWS\system32\DWMAPI.DLL
0x00007ffa444a0000 - 0x00007ffa4454b000 	C:\WINDOWS\system32\uxtheme.dll
0x00007ff9bbfb0000 - 0x00007ff9bc0b0000 	C:\WINDOWS\system32\opengl32.dll
0x00007ff9bbf50000 - 0x00007ff9bbf7d000 	C:\WINDOWS\SYSTEM32\GLU32.dll
0x00007ffa44580000 - 0x00007ffa445b6000 	C:\WINDOWS\SYSTEM32\dxcore.dll
0x00007ffa48390000 - 0x00007ffa484e0000 	C:\WINDOWS\System32\MSCTF.dll
0x00007ffa484f0000 - 0x00007ffa48690000 	C:\WINDOWS\System32\ole32.dll
0x00007ffa10510000 - 0x00007ffa10528000 	C:\Program Files\Eclipse Adoptium\jdk-17.0.12.7-hotspot\bin\zip.dll
0x00007ffa08030000 - 0x00007ffa080b7000 	C:\Program Files\Eclipse Adoptium\jdk-17.0.12.7-hotspot\bin\freetype.dll
0x00007ff983bb0000 - 0x00007ff983c92000 	C:\Program Files\Eclipse Adoptium\jdk-17.0.12.7-hotspot\bin\fontmanager.dll
0x00007ffa320e0000 - 0x00007ffa3222a000 	C:\WINDOWS\SYSTEM32\textinputframework.dll
0x00007ffa18db0000 - 0x00007ffa18dc9000 	C:\Program Files\Eclipse Adoptium\jdk-17.0.12.7-hotspot\bin\net.dll
0x00007ffa40940000 - 0x00007ffa40a77000 	C:\WINDOWS\SYSTEM32\WINHTTP.dll
0x00007ffa467c0000 - 0x00007ffa46829000 	C:\WINDOWS\system32\mswsock.dll
0x00007ffa10990000 - 0x00007ffa109a6000 	C:\Program Files\Eclipse Adoptium\jdk-17.0.12.7-hotspot\bin\nio.dll
0x00007ffa44100000 - 0x00007ffa44233000 	C:\WINDOWS\SYSTEM32\CoreMessaging.dll
0x00007ffa419c0000 - 0x00007ffa41d2c000 	C:\WINDOWS\SYSTEM32\CoreUIComponents.dll
0x00007ffa46af0000 - 0x00007ffa46afc000 	C:\WINDOWS\SYSTEM32\CRYPTBASE.DLL

dbghelp: loaded successfully - version: 4.0.5 - missing functions: none
symbol engine: initialized successfully - sym options: 0x614 - pdb path: .;C:\Program Files\Eclipse Adoptium\jdk-17.0.12.7-hotspot\bin;C:\WINDOWS\SYSTEM32;C:\WINDOWS\WinSxS\amd64_microsoft.windows.common-controls_6595b64144ccf1df_6.0.22621.2506_none_270c5ae97388e100;C:\Program Files\Eclipse Adoptium\jdk-17.0.12.7-hotspot\bin\server

VM Arguments:
jvm_args: -XX:+ShowCodeDetailsInExceptionMessages 
java_command: App
java_class_path (initial): E:\education\projects\Flappy bird\Flappy_bird\bin
Launcher Type: SUN_STANDARD

[Global flags]
     intx CICompilerCount                          = 12                                        {product} {ergonomic}
     uint ConcGCThreads                            = 3                                         {product} {ergonomic}
     uint G1ConcRefinementThreads                  = 13                                        {product} {ergonomic}
   size_t G1HeapRegionSize                         = 2097152                                   {product} {ergonomic}
    uintx GCDrainStackTargetSize                   = 64                                        {product} {ergonomic}
   size_t InitialHeapSize                          = 266338304                                 {product} {ergonomic}
   size_t MarkStackSize                            = 4194304                                   {product} {ergonomic}
   size_t MaxHeapSize                              = 4236247040                                {product} {ergonomic}
   size_t MaxNewSize                               = 2541748224                                {product} {ergonomic}
   size_t MinHeapDeltaBytes                        = 2097152                                   {product} {ergonomic}
   size_t MinHeapSize                              = 8388608                                   {product} {ergonomic}
    uintx NonNMethodCodeHeapSize                   = 7602480                                {pd product} {ergonomic}
    uintx NonProfiledCodeHeapSize                  = 122027880                              {pd product} {ergonomic}
    uintx ProfiledCodeHeapSize                     = 122027880                              {pd product} {ergonomic}
    uintx ReservedCodeCacheSize                    = 251658240                              {pd product} {ergonomic}
     bool SegmentedCodeCache                       = true                                      {product} {ergonomic}
     bool ShowCodeDetailsInExceptionMessages       = true                                   {manageable} {command line}
   size_t SoftMaxHeapSize                          = 4236247040                             {manageable} {ergonomic}
     bool UseCompressedClassPointers               = true                           {product lp64_product} {ergonomic}
     bool UseCompressedOops                        = true                           {product lp64_product} {ergonomic}
     bool UseG1GC                                  = true                                      {product} {ergonomic}
     bool UseLargePagesIndividualAllocation        = false                                  {pd product} {ergonomic}

Logging:
Log output configuration:
 #0: stdout all=warning uptime,level,tags
 #1: stderr all=off uptime,level,tags

Environment Variables:
JAVA_HOME=C:\Program Files\Eclipse Adoptium\jdk-17.0.12.7-hotspot\
PATH=C:\Program Files\Eclipse Adoptium\jdk-17.0.12.7-hotspot\bin;C:\WINDOWS\system32;C:\WINDOWS;C:\WINDOWS\System32\Wbem;C:\WINDOWS\System32\WindowsPowerShell\v1.0\;C:\WINDOWS\System32\OpenSSH\;C:\Program Files (x86)\NVIDIA Corporation\PhysX\Common;C:\Program Files\NVIDIA Corporation\NVIDIA NvDLISR;C:\Program Files\dotnet\;C:\Program Files\nodejs\;C:\Program Files\Cloudflare\Cloudflare WARP\;C:\ProgramData\Microsoft\Windows\Start Menu\Programs\Node.js;C:\Users\User\AppData\Local\Programs\Python\Python311\Scripts\;C:\Users\User\AppData\Local\Programs\Python\Python311\;C:\Users\User\AppData\Local\Microsoft\WindowsApps;C:\MinGW\bin;C:\Users\User\Documents\mingw-w64-v10.0.0;C:\Users\User\AppData\Local\Programs\Microsoft VS Code\bin;C:\MinGW\bin;C:\Program Files\JetBrains\PyCharm 2023.2\bin;C:\Users\User\AppData\Local\GitHubDesktop\bin;C:\Users\User\AppData\Roaming\npm;C:\Users\User\Downloads\jdk-23_windows-x64_bin.zip\jdk-23\bin;
USERNAME=User
LANG=en_US.UTF-8
OS=Windows_NT
PROCESSOR_IDENTIFIER=Intel64 Family 6 Model 191 Stepping 2, GenuineIntel
TMP=C:\Users\User\AppData\Local\Temp
TEMP=C:\Users\User\AppData\Local\Temp



Periodic native trim disabled


---------------  S Y S T E M  ---------------

OS:
 Windows 11 , 64 bit Build 22621 (10.0.22621.2506)
OS uptime: 0 days 0:50 hours
Hyper-V role detected

CPU: total 16 (initial active 16) (8 cores per cpu, 2 threads per core) family 6 model 191 stepping 2 microcode 0x26, cx8, cmov, fxsr, ht, mmx, 3dnowpref, sse, sse2, sse3, ssse3, sse4.1, sse4.2, popcnt, lzcnt, tsc, tscinvbit, avx, avx2, aes, erms, clmul, bmi1, bmi2, adx, sha, fma, vzeroupper, clflush, clflushopt, clwb, hv
Processor Information for all 16 processors :
  Max Mhz: 2500, Current Mhz: 2500, Mhz Limit: 2500

Memory: 4k page, system-wide physical 16154M (4416M free)
TotalPageFile size 55066M (AvailPageFile size 33329M)
current process WorkingSet (physical memory assigned to process): 87M, peak: 98M
current process commit charge ("private bytes"): 364M, peak: 376M

vm_info: OpenJDK 64-Bit Server VM (17.0.12+7) for windows-amd64 JRE (17.0.12+7), built on Jul 16 2024 22:08:24 by "admin" with MS VC++ 16.10 / 16.11 (VS2019)

END.
