#
# A fatal error has been detected by the Java Runtime Environment:
#
#  EXCEPTION_ACCESS_VIOLATION (0xc0000005) at pc=0x00007ff85e30c591, pid=13676, tid=15908
#
# JRE version: OpenJDK Runtime Environment Temurin-17.0.12+7 (17.0.12+7) (build 17.0.12+7)
# Java VM: OpenJDK 64-Bit Server VM Temurin-17.0.12+7 (17.0.12+7, mixed mode, sharing, tiered, compressed oops, compressed class ptrs, g1 gc, windows-amd64)
# Problematic frame:
# C  [awt.dll+0xdc591]
#
# No core dump will be written. Minidumps are not enabled by default on client versions of Windows
#
# If you would like to submit a bug report, please visit:
#   https://github.com/adoptium/adoptium-support/issues
# The crash happened outside the Java Virtual Machine in native code.
# See problematic frame for where to report the bug.
#

---------------  S U M M A R Y ------------

Command Line: -XX:+ShowCodeDetailsInExceptionMessages MyMenu.StartMenu

Host: 13th Gen Intel(R) Core(TM) i5-13400, 16 cores, 15G,  Windows 11 , 64 bit Build 22621 (10.0.22621.2506)
Time: Tue Oct 15 00:44:57 2024 Bangladesh Standard Time elapsed time: 7212.468660 seconds (0d 2h 0m 12s)

---------------  T H R E A D  ---------------

Current thread (0x0000021fbdad3da0):  JavaThread "AWT-Windows" daemon [_thread_in_native, id=15908, stack(0x000000e219700000,0x000000e219800000)]

Stack: [0x000000e219700000,0x000000e219800000],  sp=0x000000e2197fe8b0,  free space=1018k
Native frames: (J=compiled Java code, j=interpreted, Vv=VM code, C=native code)
C  [awt.dll+0xdc591]

Java frames: (J=compiled Java code, j=interpreted, Vv=VM code)
j  sun.awt.windows.WToolkit.eventLoop()V+0 java.desktop@17.0.12
j  sun.awt.windows.WToolkit.run()V+50 java.desktop@17.0.12
j  java.lang.Thread.run()V+11 java.base@17.0.12
v  ~StubRoutines::call_stub

siginfo: EXCEPTION_ACCESS_VIOLATION (0xc0000005), reading address 0x0000000000000008


Registers:
RAX=0x0000000000000000, RBX=0x0000021f840a92f0, RCX=0x0000000000000000, RDX=0x0000000000000000
RSP=0x000000e2197fe8b0, RBP=0x000000e2197fe9b9, RSI=0xffffffffc00108f7, RDI=0x0000000000000000
R8 =0x0000000000000001, R9 =0x0000000000000000, R10=0x0000000000000000, R11=0x0000000000000246
R12=0x0000000000000000, R13=0x0000000000000310, R14=0x0000000000000000, R15=0x0000000000000000
RIP=0x00007ff85e30c591, EFLAGS=0x0000000000010246


Register to memory mapping:

RIP=0x00007ff85e30c591 awt.dll
RAX=0x0 is NULL
RBX=0x0000021f840a92f0 points into unknown readable memory: 0x0000021f84114300 | 00 43 11 84 1f 02 00 00
RCX=0x0 is NULL
RDX=0x0 is NULL
RSP=0x000000e2197fe8b0 is pointing into the stack for thread: 0x0000021fbdad3da0
RBP=0x000000e2197fe9b9 is pointing into the stack for thread: 0x0000021fbdad3da0
RSI=0xffffffffc00108f7 is an unknown value
RDI=0x0 is NULL
R8 =0x0000000000000001 is an unknown value
R9 =0x0 is NULL
R10=0x0 is NULL
R11=0x0000000000000246 is an unknown value
R12=0x0 is NULL
R13=0x0000000000000310 is an unknown value
R14=0x0 is NULL
R15=0x0 is NULL


Top of Stack: (sp=0x000000e2197fe8b0)
0x000000e2197fe8b0:   00007ff85e36c848 ffffffffc00108f7
0x000000e2197fe8c0:   00005bf506ebc333 00007ff85e2c8770
0x000000e2197fe8d0:   0000000000000000 00007ff85e2c81ec
0x000000e2197fe8e0:   ffffffffc00108f7 0000021f8405c010
0x000000e2197fe8f0:   0000021f840a92f0 0000021f8405c010
0x000000e2197fe900:   0000021f8405c010 00007ff85e2c8296
0x000000e2197fe910:   00007ff85e230000 0000000000000000
0x000000e2197fe920:   000000000000c1d8 00007ff8f0a98603
0x000000e2197fe930:   0000021f8405c010 00007ff85e2c55f6
0x000000e2197fe940:   0000021f8405c010 0000000000000000
0x000000e2197fe950:   0000000000000001 00007ff8f0a96637
0x000000e2197fe960:   000000e2197fea20 0000021f8405c010
0x000000e2197fe970:   00007ff85e2c8770 0000000000000000
0x000000e2197fe980:   0000000000000000 00007ff8f0a98603
0x000000e2197fe990:   0000000000000000 000000e2197fea20
0x000000e2197fe9a0:   000000e2197fea24 0000021fbdad4058
0x000000e2197fe9b0:   0000021f8405c0b0 000000000000c1d8
0x000000e2197fe9c0:   000000000000c1d8 00005bf506ebcdc3
0x000000e2197fe9d0:   0000021f8405c580 0000000000000000
0x000000e2197fe9e0:   0000000000000000 0000000000000000
0x000000e2197fe9f0:   0000000000000000 0000000000000000
0x000000e2197fea00:   0000000000000000 0000021f8405c010
0x000000e2197fea10:   0000000000000310 00007ff85e3116cb
0x000000e2197fea20:   0000000200000002 0000000000000000
0x000000e2197fea30:   0000e4d0bdf148df 0000e1d4d56df157
0x000000e2197fea40:   0000000000000000 000000000000c1d8
0x000000e2197fea50:   0000000000000000 0000000000000000
0x000000e2197fea60:   000000e2197fec38 00007ff8eeb484e6
0x000000e2197fea70:   0000000000000070 00007ff8f0a98603
0x000000e2197fea80:   ffffffffffffffeb 00007ff8eeb4ab09
0x000000e2197fea90:   00007ff8eeb484e6 00005bf506ebcea3
0x000000e2197feaa0:   00000000004b0688 0000000000000000 

Instructions: (pc=0x00007ff85e30c591)
0x00007ff85e30c491:   83 ec 28 66 0f 6e c2 0f 5b c0 f3 0f 59 41 48 0f
0x00007ff85e30c4a1:   5a c8 f2 0f 10 05 95 47 03 00 f2 0f 5c 0d 35 47
0x00007ff85e30c4b1:   01 00 66 0f 2f c1 76 0a b8 00 00 00 80 48 83 c4
0x00007ff85e30c4c1:   28 c3 66 0f 2f 0d 75 90 02 00 76 0a b8 ff ff ff
0x00007ff85e30c4d1:   7f 48 83 c4 28 c3 0f 28 c1 e8 77 0e 01 00 f2 0f
0x00007ff85e30c4e1:   2c c0 48 83 c4 28 c3 cc cc cc cc cc cc cc cc 48
0x00007ff85e30c4f1:   83 ec 28 66 0f 6e c2 0f 5b c0 f3 0f 59 41 4c 0f
0x00007ff85e30c501:   5a c8 f2 0f 10 05 35 47 03 00 f2 0f 5c 0d d5 46
0x00007ff85e30c511:   01 00 66 0f 2f c1 76 0a b8 00 00 00 80 48 83 c4
0x00007ff85e30c521:   28 c3 66 0f 2f 0d 15 90 02 00 76 0a b8 ff ff ff
0x00007ff85e30c531:   7f 48 83 c4 28 c3 0f 28 c1 e8 17 0e 01 00 f2 0f
0x00007ff85e30c541:   2c c0 48 83 c4 28 c3 cc cc cc cc cc cc cc cc 48
0x00007ff85e30c551:   8b 49 08 48 85 c9 0f 85 b3 7e fe ff 33 c0 c3 48
0x00007ff85e30c561:   89 5c 24 08 48 89 74 24 10 57 48 83 ec 20 8b fa
0x00007ff85e30c571:   48 8b f1 e8 37 c0 f4 ff 48 8b d8 48 89 44 24 40
0x00007ff85e30c581:   41 b8 01 00 00 00 8b d7 48 8b c8 e8 9f bf f4 ff
0x00007ff85e30c591:   48 8b 48 08 48 85 c9 74 0d 48 8b d6 e8 6e 7e fe
0x00007ff85e30c5a1:   ff 48 8b f8 eb 02 33 ff 48 8b cb e8 bf c1 f4 ff
0x00007ff85e30c5b1:   90 48 8b c7 48 8b 5c 24 30 48 8b 74 24 38 48 83
0x00007ff85e30c5c1:   c4 20 5f c3 cc cc cc cc cc cc cc cc cc cc cc 48
0x00007ff85e30c5d1:   8b 01 89 10 c3 cc cc cc cc cc cc cc cc cc cc 40
0x00007ff85e30c5e1:   57 48 83 ec 40 48 83 79 38 00 48 8b f9 0f 84 96
0x00007ff85e30c5f1:   01 00 00 48 8b 0d 8d c8 06 00 ba 02 00 01 00 48
0x00007ff85e30c601:   89 5c 24 58 48 89 74 24 68 e8 91 f5 00 00 4c 8b
0x00007ff85e30c611:   05 a2 cd 06 00 48 8b c8 48 8b 57 38 48 8b d8 4c
0x00007ff85e30c621:   8b 08 41 ff 91 f8 02 00 00 48 8b f0 48 85 c0 0f
0x00007ff85e30c631:   84 4a 01 00 00 4c 8b 0b 48 8b d0 4c 8b 05 65 cd
0x00007ff85e30c641:   06 00 48 8b cb 41 ff 91 00 01 00 00 84 c0 0f 84
0x00007ff85e30c651:   2b 01 00 00 48 8b 7f 08 48 8b d6 48 8b 03 48 8b
0x00007ff85e30c661:   cb 4c 8b 05 57 cd 06 00 48 81 c7 00 04 00 00 48
0x00007ff85e30c671:   89 6c 24 60 4c 89 64 24 38 ff 90 f8 02 00 00 4c
0x00007ff85e30c681:   8b 0b 48 8b d6 4c 8b 05 3b cd 06 00 48 8b cb 4c 


Stack slot to memory mapping:
stack at sp + 0 slots: 0x00007ff85e36c848 awt.dll
stack at sp + 1 slots: 0xffffffffc00108f7 is an unknown value
stack at sp + 2 slots: 0x00005bf506ebc333 is an unknown value
stack at sp + 3 slots: 0x00007ff85e2c8770 awt.dll
stack at sp + 4 slots: 0x0 is NULL
stack at sp + 5 slots: 0x00007ff85e2c81ec awt.dll
stack at sp + 6 slots: 0xffffffffc00108f7 is an unknown value
stack at sp + 7 slots: 0x0000021f8405c010 points into unknown readable memory: 0x00007ff85e33c880 | 80 c8 33 5e f8 7f 00 00


---------------  P R O C E S S  ---------------

Threads class SMR info:
_java_thread_list=0x0000021f843e48b0, length=16, elements={
0x0000021fbd932ca0, 0x0000021fbd933860, 0x0000021fbd9435c0, 0x0000021fbd948190,
0x0000021fbd94ac60, 0x0000021fbd94b620, 0x0000021fbd94e3d0, 0x0000021fbd94fda0,
0x0000021fbd962c40, 0x0000021fbdacf6b0, 0x0000021fbdad42b0, 0x0000021fbdad47c0,
0x0000021fbdad2e70, 0x0000021fbdad3da0, 0x0000021fbdad51e0, 0x0000021fbdad2960
}

Java Threads: ( => current thread )
  0x0000021fbd932ca0 JavaThread "Reference Handler" daemon [_thread_blocked, id=10284, stack(0x000000e218700000,0x000000e218800000)]
  0x0000021fbd933860 JavaThread "Finalizer" daemon [_thread_blocked, id=2680, stack(0x000000e218800000,0x000000e218900000)]
  0x0000021fbd9435c0 JavaThread "Signal Dispatcher" daemon [_thread_blocked, id=11020, stack(0x000000e218900000,0x000000e218a00000)]
  0x0000021fbd948190 JavaThread "Attach Listener" daemon [_thread_blocked, id=18696, stack(0x000000e218a00000,0x000000e218b00000)]
  0x0000021fbd94ac60 JavaThread "Service Thread" daemon [_thread_blocked, id=5544, stack(0x000000e218b00000,0x000000e218c00000)]
  0x0000021fbd94b620 JavaThread "Monitor Deflation Thread" daemon [_thread_blocked, id=11604, stack(0x000000e218c00000,0x000000e218d00000)]
  0x0000021fbd94e3d0 JavaThread "C2 CompilerThread0" daemon [_thread_blocked, id=9296, stack(0x000000e218d00000,0x000000e218e00000)]
  0x0000021fbd94fda0 JavaThread "C1 CompilerThread0" daemon [_thread_blocked, id=1304, stack(0x000000e218e00000,0x000000e218f00000)]
  0x0000021fbd962c40 JavaThread "Sweeper thread" daemon [_thread_blocked, id=10028, stack(0x000000e218f00000,0x000000e219000000)]
  0x0000021fbdacf6b0 JavaThread "Notification Thread" daemon [_thread_blocked, id=2928, stack(0x000000e219200000,0x000000e219300000)]
  0x0000021fbdad42b0 JavaThread "Common-Cleaner" daemon [_thread_blocked, id=14668, stack(0x000000e219400000,0x000000e219500000)]
  0x0000021fbdad47c0 JavaThread "Java2D Disposer" daemon [_thread_blocked, id=6380, stack(0x000000e219500000,0x000000e219600000)]
  0x0000021fbdad2e70 JavaThread "AWT-Shutdown" [_thread_blocked, id=12984, stack(0x000000e219600000,0x000000e219700000)]
=>0x0000021fbdad3da0 JavaThread "AWT-Windows" daemon [_thread_in_native, id=15908, stack(0x000000e219700000,0x000000e219800000)]
  0x0000021fbdad51e0 JavaThread "AWT-EventQueue-0" [_thread_blocked, id=4012, stack(0x000000e219800000,0x000000e219900000)]
  0x0000021fbdad2960 JavaThread "DestroyJavaVM" [_thread_blocked, id=9756, stack(0x000000e218000000,0x000000e218100000)]

Other Threads:
  0x0000021fbd92c1d0 VMThread "VM Thread" [stack: 0x000000e218600000,0x000000e218700000] [id=8560]
  0x0000021fbdad1fb0 WatcherThread [stack: 0x000000e219300000,0x000000e219400000] [id=2428]
  0x0000021f99fdd1a0 GCTaskThread "GC Thread#0" [stack: 0x000000e218100000,0x000000e218200000] [id=5628]
  0x0000021f99fedd70 ConcurrentGCThread "G1 Main Marker" [stack: 0x000000e218200000,0x000000e218300000] [id=18964]
  0x0000021f99fee790 ConcurrentGCThread "G1 Conc#0" [stack: 0x000000e218300000,0x000000e218400000] [id=392]
  0x0000021f9a02e050 ConcurrentGCThread "G1 Refine#0" [stack: 0x000000e218400000,0x000000e218500000] [id=18724]
  0x0000021f9a02ea80 ConcurrentGCThread "G1 Service" [stack: 0x000000e218500000,0x000000e218600000] [id=3064]

Threads with active compile tasks:

VM state: not at safepoint (normal execution)

VM Mutex/Monitor currently owned by a thread: None

Heap address: 0x0000000703800000, size: 4040 MB, Compressed Oops mode: Zero based, Oop shift amount: 3

CDS archive(s) mapped at: [0x0000021fbe000000-0x0000021fbebb0000-0x0000021fbebb0000), size 12255232, SharedBaseAddress: 0x0000021fbe000000, ArchiveRelocationMode: 1.
Compressed class space mapped at: 0x0000021fbf000000-0x0000021fff000000, reserved size: 1073741824
Narrow klass base: 0x0000021fbe000000, Narrow klass shift: 0, Narrow klass range: 0x100000000

GC Precious Log:
 CPUs: 16 total, 16 available
 Memory: 16154M
 Large Page Support: Disabled
 NUMA Support: Disabled
 Compressed Oops: Enabled (Zero based)
 Heap Region Size: 2M
 Heap Min Capacity: 8M
 Heap Initial Capacity: 254M
 Heap Max Capacity: 4040M
 Pre-touch: Disabled
 Parallel Workers: 13
 Concurrent Workers: 3
 Concurrent Refinement Workers: 13
 Periodic GC: Disabled

Heap:
 garbage-first heap   total 260096K, used 6144K [0x0000000703800000, 0x0000000800000000)
  region size 2048K, 4 young (8192K), 0 survivors (0K)
 Metaspace       used 6604K, committed 6784K, reserved 1114112K
  class space    used 702K, committed 832K, reserved 1048576K

Heap Regions: E=young(eden), S=young(survivor), O=old, HS=humongous(starts), HC=humongous(continues), CS=collection set, F=free, OA=open archive, CA=closed archive, TAMS=top-at-mark-start (previous, next)
|   0|0x0000000703800000, 0x0000000703800000, 0x0000000703a00000|  0%| F|  |TAMS 0x0000000703800000, 0x0000000703800000| Untracked 
|   1|0x0000000703a00000, 0x0000000703a00000, 0x0000000703c00000|  0%| F|  |TAMS 0x0000000703a00000, 0x0000000703a00000| Untracked 
|   2|0x0000000703c00000, 0x0000000703c00000, 0x0000000703e00000|  0%| F|  |TAMS 0x0000000703c00000, 0x0000000703c00000| Untracked 
|   3|0x0000000703e00000, 0x0000000703e00000, 0x0000000704000000|  0%| F|  |TAMS 0x0000000703e00000, 0x0000000703e00000| Untracked 
|   4|0x0000000704000000, 0x0000000704000000, 0x0000000704200000|  0%| F|  |TAMS 0x0000000704000000, 0x0000000704000000| Untracked 
|   5|0x0000000704200000, 0x0000000704200000, 0x0000000704400000|  0%| F|  |TAMS 0x0000000704200000, 0x0000000704200000| Untracked 
|   6|0x0000000704400000, 0x0000000704400000, 0x0000000704600000|  0%| F|  |TAMS 0x0000000704400000, 0x0000000704400000| Untracked 
|   7|0x0000000704600000, 0x0000000704600000, 0x0000000704800000|  0%| F|  |TAMS 0x0000000704600000, 0x0000000704600000| Untracked 
|   8|0x0000000704800000, 0x0000000704800000, 0x0000000704a00000|  0%| F|  |TAMS 0x0000000704800000, 0x0000000704800000| Untracked 
|   9|0x0000000704a00000, 0x0000000704a00000, 0x0000000704c00000|  0%| F|  |TAMS 0x0000000704a00000, 0x0000000704a00000| Untracked 
|  10|0x0000000704c00000, 0x0000000704c00000, 0x0000000704e00000|  0%| F|  |TAMS 0x0000000704c00000, 0x0000000704c00000| Untracked 
|  11|0x0000000704e00000, 0x0000000704e00000, 0x0000000705000000|  0%| F|  |TAMS 0x0000000704e00000, 0x0000000704e00000| Untracked 
|  12|0x0000000705000000, 0x0000000705000000, 0x0000000705200000|  0%| F|  |TAMS 0x0000000705000000, 0x0000000705000000| Untracked 
|  13|0x0000000705200000, 0x0000000705200000, 0x0000000705400000|  0%| F|  |TAMS 0x0000000705200000, 0x0000000705200000| Untracked 
|  14|0x0000000705400000, 0x0000000705400000, 0x0000000705600000|  0%| F|  |TAMS 0x0000000705400000, 0x0000000705400000| Untracked 
|  15|0x0000000705600000, 0x0000000705600000, 0x0000000705800000|  0%| F|  |TAMS 0x0000000705600000, 0x0000000705600000| Untracked 
|  16|0x0000000705800000, 0x0000000705800000, 0x0000000705a00000|  0%| F|  |TAMS 0x0000000705800000, 0x0000000705800000| Untracked 
|  17|0x0000000705a00000, 0x0000000705a00000, 0x0000000705c00000|  0%| F|  |TAMS 0x0000000705a00000, 0x0000000705a00000| Untracked 
|  18|0x0000000705c00000, 0x0000000705c00000, 0x0000000705e00000|  0%| F|  |TAMS 0x0000000705c00000, 0x0000000705c00000| Untracked 
|  19|0x0000000705e00000, 0x0000000705e00000, 0x0000000706000000|  0%| F|  |TAMS 0x0000000705e00000, 0x0000000705e00000| Untracked 
|  20|0x0000000706000000, 0x0000000706000000, 0x0000000706200000|  0%| F|  |TAMS 0x0000000706000000, 0x0000000706000000| Untracked 
|  21|0x0000000706200000, 0x0000000706200000, 0x0000000706400000|  0%| F|  |TAMS 0x0000000706200000, 0x0000000706200000| Untracked 
|  22|0x0000000706400000, 0x0000000706400000, 0x0000000706600000|  0%| F|  |TAMS 0x0000000706400000, 0x0000000706400000| Untracked 
|  23|0x0000000706600000, 0x0000000706600000, 0x0000000706800000|  0%| F|  |TAMS 0x0000000706600000, 0x0000000706600000| Untracked 
|  24|0x0000000706800000, 0x0000000706800000, 0x0000000706a00000|  0%| F|  |TAMS 0x0000000706800000, 0x0000000706800000| Untracked 
|  25|0x0000000706a00000, 0x0000000706a00000, 0x0000000706c00000|  0%| F|  |TAMS 0x0000000706a00000, 0x0000000706a00000| Untracked 
|  26|0x0000000706c00000, 0x0000000706c00000, 0x0000000706e00000|  0%| F|  |TAMS 0x0000000706c00000, 0x0000000706c00000| Untracked 
|  27|0x0000000706e00000, 0x0000000706e00000, 0x0000000707000000|  0%| F|  |TAMS 0x0000000706e00000, 0x0000000706e00000| Untracked 
|  28|0x0000000707000000, 0x0000000707000000, 0x0000000707200000|  0%| F|  |TAMS 0x0000000707000000, 0x0000000707000000| Untracked 
|  29|0x0000000707200000, 0x0000000707200000, 0x0000000707400000|  0%| F|  |TAMS 0x0000000707200000, 0x0000000707200000| Untracked 
|  30|0x0000000707400000, 0x0000000707400000, 0x0000000707600000|  0%| F|  |TAMS 0x0000000707400000, 0x0000000707400000| Untracked 
|  31|0x0000000707600000, 0x0000000707600000, 0x0000000707800000|  0%| F|  |TAMS 0x0000000707600000, 0x0000000707600000| Untracked 
|  32|0x0000000707800000, 0x0000000707800000, 0x0000000707a00000|  0%| F|  |TAMS 0x0000000707800000, 0x0000000707800000| Untracked 
|  33|0x0000000707a00000, 0x0000000707a00000, 0x0000000707c00000|  0%| F|  |TAMS 0x0000000707a00000, 0x0000000707a00000| Untracked 
|  34|0x0000000707c00000, 0x0000000707c00000, 0x0000000707e00000|  0%| F|  |TAMS 0x0000000707c00000, 0x0000000707c00000| Untracked 
|  35|0x0000000707e00000, 0x0000000707e00000, 0x0000000708000000|  0%| F|  |TAMS 0x0000000707e00000, 0x0000000707e00000| Untracked 
|  36|0x0000000708000000, 0x0000000708000000, 0x0000000708200000|  0%| F|  |TAMS 0x0000000708000000, 0x0000000708000000| Untracked 
|  37|0x0000000708200000, 0x0000000708200000, 0x0000000708400000|  0%| F|  |TAMS 0x0000000708200000, 0x0000000708200000| Untracked 
|  38|0x0000000708400000, 0x0000000708400000, 0x0000000708600000|  0%| F|  |TAMS 0x0000000708400000, 0x0000000708400000| Untracked 
|  39|0x0000000708600000, 0x0000000708600000, 0x0000000708800000|  0%| F|  |TAMS 0x0000000708600000, 0x0000000708600000| Untracked 
|  40|0x0000000708800000, 0x0000000708800000, 0x0000000708a00000|  0%| F|  |TAMS 0x0000000708800000, 0x0000000708800000| Untracked 
|  41|0x0000000708a00000, 0x0000000708a00000, 0x0000000708c00000|  0%| F|  |TAMS 0x0000000708a00000, 0x0000000708a00000| Untracked 
|  42|0x0000000708c00000, 0x0000000708c00000, 0x0000000708e00000|  0%| F|  |TAMS 0x0000000708c00000, 0x0000000708c00000| Untracked 
|  43|0x0000000708e00000, 0x0000000708e00000, 0x0000000709000000|  0%| F|  |TAMS 0x0000000708e00000, 0x0000000708e00000| Untracked 
|  44|0x0000000709000000, 0x0000000709000000, 0x0000000709200000|  0%| F|  |TAMS 0x0000000709000000, 0x0000000709000000| Untracked 
|  45|0x0000000709200000, 0x0000000709200000, 0x0000000709400000|  0%| F|  |TAMS 0x0000000709200000, 0x0000000709200000| Untracked 
|  46|0x0000000709400000, 0x0000000709400000, 0x0000000709600000|  0%| F|  |TAMS 0x0000000709400000, 0x0000000709400000| Untracked 
|  47|0x0000000709600000, 0x0000000709600000, 0x0000000709800000|  0%| F|  |TAMS 0x0000000709600000, 0x0000000709600000| Untracked 
|  48|0x0000000709800000, 0x0000000709800000, 0x0000000709a00000|  0%| F|  |TAMS 0x0000000709800000, 0x0000000709800000| Untracked 
|  49|0x0000000709a00000, 0x0000000709a00000, 0x0000000709c00000|  0%| F|  |TAMS 0x0000000709a00000, 0x0000000709a00000| Untracked 
|  50|0x0000000709c00000, 0x0000000709c00000, 0x0000000709e00000|  0%| F|  |TAMS 0x0000000709c00000, 0x0000000709c00000| Untracked 
|  51|0x0000000709e00000, 0x0000000709e00000, 0x000000070a000000|  0%| F|  |TAMS 0x0000000709e00000, 0x0000000709e00000| Untracked 
|  52|0x000000070a000000, 0x000000070a000000, 0x000000070a200000|  0%| F|  |TAMS 0x000000070a000000, 0x000000070a000000| Untracked 
|  53|0x000000070a200000, 0x000000070a200000, 0x000000070a400000|  0%| F|  |TAMS 0x000000070a200000, 0x000000070a200000| Untracked 
|  54|0x000000070a400000, 0x000000070a400000, 0x000000070a600000|  0%| F|  |TAMS 0x000000070a400000, 0x000000070a400000| Untracked 
|  55|0x000000070a600000, 0x000000070a600000, 0x000000070a800000|  0%| F|  |TAMS 0x000000070a600000, 0x000000070a600000| Untracked 
|  56|0x000000070a800000, 0x000000070a800000, 0x000000070aa00000|  0%| F|  |TAMS 0x000000070a800000, 0x000000070a800000| Untracked 
|  57|0x000000070aa00000, 0x000000070aa00000, 0x000000070ac00000|  0%| F|  |TAMS 0x000000070aa00000, 0x000000070aa00000| Untracked 
|  58|0x000000070ac00000, 0x000000070ac00000, 0x000000070ae00000|  0%| F|  |TAMS 0x000000070ac00000, 0x000000070ac00000| Untracked 
|  59|0x000000070ae00000, 0x000000070ae00000, 0x000000070b000000|  0%| F|  |TAMS 0x000000070ae00000, 0x000000070ae00000| Untracked 
|  60|0x000000070b000000, 0x000000070b000000, 0x000000070b200000|  0%| F|  |TAMS 0x000000070b000000, 0x000000070b000000| Untracked 
|  61|0x000000070b200000, 0x000000070b200000, 0x000000070b400000|  0%| F|  |TAMS 0x000000070b200000, 0x000000070b200000| Untracked 
|  62|0x000000070b400000, 0x000000070b400000, 0x000000070b600000|  0%| F|  |TAMS 0x000000070b400000, 0x000000070b400000| Untracked 
|  63|0x000000070b600000, 0x000000070b600000, 0x000000070b800000|  0%| F|  |TAMS 0x000000070b600000, 0x000000070b600000| Untracked 
|  64|0x000000070b800000, 0x000000070b800000, 0x000000070ba00000|  0%| F|  |TAMS 0x000000070b800000, 0x000000070b800000| Untracked 
|  65|0x000000070ba00000, 0x000000070ba00000, 0x000000070bc00000|  0%| F|  |TAMS 0x000000070ba00000, 0x000000070ba00000| Untracked 
|  66|0x000000070bc00000, 0x000000070bc00000, 0x000000070be00000|  0%| F|  |TAMS 0x000000070bc00000, 0x000000070bc00000| Untracked 
|  67|0x000000070be00000, 0x000000070be00000, 0x000000070c000000|  0%| F|  |TAMS 0x000000070be00000, 0x000000070be00000| Untracked 
|  68|0x000000070c000000, 0x000000070c000000, 0x000000070c200000|  0%| F|  |TAMS 0x000000070c000000, 0x000000070c000000| Untracked 
|  69|0x000000070c200000, 0x000000070c200000, 0x000000070c400000|  0%| F|  |TAMS 0x000000070c200000, 0x000000070c200000| Untracked 
|  70|0x000000070c400000, 0x000000070c400000, 0x000000070c600000|  0%| F|  |TAMS 0x000000070c400000, 0x000000070c400000| Untracked 
|  71|0x000000070c600000, 0x000000070c600000, 0x000000070c800000|  0%| F|  |TAMS 0x000000070c600000, 0x000000070c600000| Untracked 
|  72|0x000000070c800000, 0x000000070c800000, 0x000000070ca00000|  0%| F|  |TAMS 0x000000070c800000, 0x000000070c800000| Untracked 
|  73|0x000000070ca00000, 0x000000070ca00000, 0x000000070cc00000|  0%| F|  |TAMS 0x000000070ca00000, 0x000000070ca00000| Untracked 
|  74|0x000000070cc00000, 0x000000070cc00000, 0x000000070ce00000|  0%| F|  |TAMS 0x000000070cc00000, 0x000000070cc00000| Untracked 
|  75|0x000000070ce00000, 0x000000070ce00000, 0x000000070d000000|  0%| F|  |TAMS 0x000000070ce00000, 0x000000070ce00000| Untracked 
|  76|0x000000070d000000, 0x000000070d000000, 0x000000070d200000|  0%| F|  |TAMS 0x000000070d000000, 0x000000070d000000| Untracked 
|  77|0x000000070d200000, 0x000000070d200000, 0x000000070d400000|  0%| F|  |TAMS 0x000000070d200000, 0x000000070d200000| Untracked 
|  78|0x000000070d400000, 0x000000070d400000, 0x000000070d600000|  0%| F|  |TAMS 0x000000070d400000, 0x000000070d400000| Untracked 
|  79|0x000000070d600000, 0x000000070d600000, 0x000000070d800000|  0%| F|  |TAMS 0x000000070d600000, 0x000000070d600000| Untracked 
|  80|0x000000070d800000, 0x000000070d800000, 0x000000070da00000|  0%| F|  |TAMS 0x000000070d800000, 0x000000070d800000| Untracked 
|  81|0x000000070da00000, 0x000000070da00000, 0x000000070dc00000|  0%| F|  |TAMS 0x000000070da00000, 0x000000070da00000| Untracked 
|  82|0x000000070dc00000, 0x000000070dc00000, 0x000000070de00000|  0%| F|  |TAMS 0x000000070dc00000, 0x000000070dc00000| Untracked 
|  83|0x000000070de00000, 0x000000070de00000, 0x000000070e000000|  0%| F|  |TAMS 0x000000070de00000, 0x000000070de00000| Untracked 
|  84|0x000000070e000000, 0x000000070e000000, 0x000000070e200000|  0%| F|  |TAMS 0x000000070e000000, 0x000000070e000000| Untracked 
|  85|0x000000070e200000, 0x000000070e200000, 0x000000070e400000|  0%| F|  |TAMS 0x000000070e200000, 0x000000070e200000| Untracked 
|  86|0x000000070e400000, 0x000000070e400000, 0x000000070e600000|  0%| F|  |TAMS 0x000000070e400000, 0x000000070e400000| Untracked 
|  87|0x000000070e600000, 0x000000070e600000, 0x000000070e800000|  0%| F|  |TAMS 0x000000070e600000, 0x000000070e600000| Untracked 
|  88|0x000000070e800000, 0x000000070e800000, 0x000000070ea00000|  0%| F|  |TAMS 0x000000070e800000, 0x000000070e800000| Untracked 
|  89|0x000000070ea00000, 0x000000070ea00000, 0x000000070ec00000|  0%| F|  |TAMS 0x000000070ea00000, 0x000000070ea00000| Untracked 
|  90|0x000000070ec00000, 0x000000070ec00000, 0x000000070ee00000|  0%| F|  |TAMS 0x000000070ec00000, 0x000000070ec00000| Untracked 
|  91|0x000000070ee00000, 0x000000070ee00000, 0x000000070f000000|  0%| F|  |TAMS 0x000000070ee00000, 0x000000070ee00000| Untracked 
|  92|0x000000070f000000, 0x000000070f000000, 0x000000070f200000|  0%| F|  |TAMS 0x000000070f000000, 0x000000070f000000| Untracked 
|  93|0x000000070f200000, 0x000000070f200000, 0x000000070f400000|  0%| F|  |TAMS 0x000000070f200000, 0x000000070f200000| Untracked 
|  94|0x000000070f400000, 0x000000070f400000, 0x000000070f600000|  0%| F|  |TAMS 0x000000070f400000, 0x000000070f400000| Untracked 
|  95|0x000000070f600000, 0x000000070f600000, 0x000000070f800000|  0%| F|  |TAMS 0x000000070f600000, 0x000000070f600000| Untracked 
|  96|0x000000070f800000, 0x000000070f800000, 0x000000070fa00000|  0%| F|  |TAMS 0x000000070f800000, 0x000000070f800000| Untracked 
|  97|0x000000070fa00000, 0x000000070fa00000, 0x000000070fc00000|  0%| F|  |TAMS 0x000000070fa00000, 0x000000070fa00000| Untracked 
|  98|0x000000070fc00000, 0x000000070fc00000, 0x000000070fe00000|  0%| F|  |TAMS 0x000000070fc00000, 0x000000070fc00000| Untracked 
|  99|0x000000070fe00000, 0x000000070fe00000, 0x0000000710000000|  0%| F|  |TAMS 0x000000070fe00000, 0x000000070fe00000| Untracked 
| 100|0x0000000710000000, 0x0000000710000000, 0x0000000710200000|  0%| F|  |TAMS 0x0000000710000000, 0x0000000710000000| Untracked 
| 101|0x0000000710200000, 0x0000000710200000, 0x0000000710400000|  0%| F|  |TAMS 0x0000000710200000, 0x0000000710200000| Untracked 
| 102|0x0000000710400000, 0x0000000710400000, 0x0000000710600000|  0%| F|  |TAMS 0x0000000710400000, 0x0000000710400000| Untracked 
| 103|0x0000000710600000, 0x0000000710600000, 0x0000000710800000|  0%| F|  |TAMS 0x0000000710600000, 0x0000000710600000| Untracked 
| 104|0x0000000710800000, 0x0000000710800000, 0x0000000710a00000|  0%| F|  |TAMS 0x0000000710800000, 0x0000000710800000| Untracked 
| 105|0x0000000710a00000, 0x0000000710a00000, 0x0000000710c00000|  0%| F|  |TAMS 0x0000000710a00000, 0x0000000710a00000| Untracked 
| 106|0x0000000710c00000, 0x0000000710c00000, 0x0000000710e00000|  0%| F|  |TAMS 0x0000000710c00000, 0x0000000710c00000| Untracked 
| 107|0x0000000710e00000, 0x0000000710e00000, 0x0000000711000000|  0%| F|  |TAMS 0x0000000710e00000, 0x0000000710e00000| Untracked 
| 108|0x0000000711000000, 0x0000000711000000, 0x0000000711200000|  0%| F|  |TAMS 0x0000000711000000, 0x0000000711000000| Untracked 
| 109|0x0000000711200000, 0x0000000711200000, 0x0000000711400000|  0%| F|  |TAMS 0x0000000711200000, 0x0000000711200000| Untracked 
| 110|0x0000000711400000, 0x0000000711400000, 0x0000000711600000|  0%| F|  |TAMS 0x0000000711400000, 0x0000000711400000| Untracked 
| 111|0x0000000711600000, 0x0000000711600000, 0x0000000711800000|  0%| F|  |TAMS 0x0000000711600000, 0x0000000711600000| Untracked 
| 112|0x0000000711800000, 0x0000000711800000, 0x0000000711a00000|  0%| F|  |TAMS 0x0000000711800000, 0x0000000711800000| Untracked 
| 113|0x0000000711a00000, 0x0000000711a00000, 0x0000000711c00000|  0%| F|  |TAMS 0x0000000711a00000, 0x0000000711a00000| Untracked 
| 114|0x0000000711c00000, 0x0000000711c00000, 0x0000000711e00000|  0%| F|  |TAMS 0x0000000711c00000, 0x0000000711c00000| Untracked 
| 115|0x0000000711e00000, 0x0000000711e00000, 0x0000000712000000|  0%| F|  |TAMS 0x0000000711e00000, 0x0000000711e00000| Untracked 
| 116|0x0000000712000000, 0x0000000712000000, 0x0000000712200000|  0%| F|  |TAMS 0x0000000712000000, 0x0000000712000000| Untracked 
| 117|0x0000000712200000, 0x0000000712200000, 0x0000000712400000|  0%| F|  |TAMS 0x0000000712200000, 0x0000000712200000| Untracked 
| 118|0x0000000712400000, 0x0000000712400000, 0x0000000712600000|  0%| F|  |TAMS 0x0000000712400000, 0x0000000712400000| Untracked 
| 119|0x0000000712600000, 0x0000000712600000, 0x0000000712800000|  0%| F|  |TAMS 0x0000000712600000, 0x0000000712600000| Untracked 
| 120|0x0000000712800000, 0x0000000712800000, 0x0000000712a00000|  0%| F|  |TAMS 0x0000000712800000, 0x0000000712800000| Untracked 
| 121|0x0000000712a00000, 0x0000000712a00000, 0x0000000712c00000|  0%| F|  |TAMS 0x0000000712a00000, 0x0000000712a00000| Untracked 
| 122|0x0000000712c00000, 0x0000000712c00000, 0x0000000712e00000|  0%| F|  |TAMS 0x0000000712c00000, 0x0000000712c00000| Untracked 
| 123|0x0000000712e00000, 0x0000000712faca08, 0x0000000713000000| 83%| E|  |TAMS 0x0000000712e00000, 0x0000000712e00000| Complete 
| 124|0x0000000713000000, 0x0000000713200000, 0x0000000713200000|100%| E|CS|TAMS 0x0000000713000000, 0x0000000713000000| Complete 
| 125|0x0000000713200000, 0x0000000713400000, 0x0000000713400000|100%| E|CS|TAMS 0x0000000713200000, 0x0000000713200000| Complete 
| 126|0x0000000713400000, 0x0000000713600000, 0x0000000713600000|100%| E|CS|TAMS 0x0000000713400000, 0x0000000713400000| Complete 

Card table byte_map: [0x0000021fb1b30000,0x0000021fb2320000] _byte_map_base: 0x0000021fae314000

Marking Bits (Prev, Next): (CMBitMap*) 0x0000021f99fdd7c0, (CMBitMap*) 0x0000021f99fdd800
 Prev Bits: [0x0000021fb2b10000, 0x0000021fb6a30000)
 Next Bits: [0x0000021fb6a30000, 0x0000021fba950000)

Polling page: 0x0000021f97f10000

Metaspace:

Usage:
  Non-class:      5.76 MB used.
      Class:    702.83 KB used.
       Both:      6.45 MB used.

Virtual space:
  Non-class space:       64.00 MB reserved,       5.81 MB (  9%) committed,  1 nodes.
      Class space:        1.00 GB reserved,     832.00 KB ( <1%) committed,  1 nodes.
             Both:        1.06 GB reserved,       6.62 MB ( <1%) committed. 

Chunk freelists:
   Non-Class:  10.14 MB
       Class:  15.24 MB
        Both:  25.38 MB

MaxMetaspaceSize: unlimited
CompressedClassSpaceSize: 1.00 GB
Initial GC threshold: 21.00 MB
Current GC threshold: 21.00 MB
CDS: on
MetaspaceReclaimPolicy: balanced
 - commit_granule_bytes: 65536.
 - commit_granule_words: 8192.
 - virtual_space_node_default_size: 8388608.
 - enlarge_chunks_in_place: 1.
 - new_chunks_are_fully_committed: 0.
 - uncommit_free_chunks: 1.
 - use_allocation_guard: 0.
 - handle_deallocations: 1.


Internal statistics:

num_allocs_failed_limit: 0.
num_arena_births: 106.
num_arena_deaths: 0.
num_vsnodes_births: 2.
num_vsnodes_deaths: 0.
num_space_committed: 106.
num_space_uncommitted: 0.
num_chunks_returned_to_freelist: 0.
num_chunks_taken_from_freelist: 148.
num_chunk_merges: 0.
num_chunk_splits: 82.
num_chunks_enlarged: 22.
num_inconsistent_stats: 0.

CodeHeap 'non-profiled nmethods': size=119168Kb used=220Kb max_used=220Kb free=118947Kb
 bounds [0x0000021fa9650000, 0x0000021fa98c0000, 0x0000021fb0ab0000]
CodeHeap 'profiled nmethods': size=119104Kb used=1673Kb max_used=1673Kb free=117430Kb
 bounds [0x0000021fa1ab0000, 0x0000021fa1d20000, 0x0000021fa8f00000]
CodeHeap 'non-nmethods': size=7488Kb used=1231Kb max_used=2368Kb free=6256Kb
 bounds [0x0000021fa8f00000, 0x0000021fa9170000, 0x0000021fa9650000]
 total_blobs=1469 nmethods=924 adapters=458
 compilation: enabled
              stopped_count=0, restarted_count=0
 full_count=0

Compilation events (20 events):
Event: 6.396 Thread 0x0000021fbd94fda0  915   !   3       sun.font.TrueTypeGlyphMapper::getGlyphFromCMAP (68 bytes)
Event: 6.396 Thread 0x0000021fbd94fda0 nmethod 915 0x0000021fa1c4ee90 code [0x0000021fa1c4f0e0, 0x0000021fa1c4f898]
Event: 6.396 Thread 0x0000021fbd94fda0  917       3       sun.font.CMap::getControlCodeGlyph (60 bytes)
Event: 6.396 Thread 0x0000021fbd94fda0 nmethod 917 0x0000021fa1c4fc10 code [0x0000021fa1c4fdc0, 0x0000021fa1c50098]
Event: 6.396 Thread 0x0000021fbd94fda0  918       3       java.awt.geom.RectangularShape::<init> (5 bytes)
Event: 6.396 Thread 0x0000021fbd94fda0 nmethod 918 0x0000021fa1c50110 code [0x0000021fa1c502a0, 0x0000021fa1c503f8]
Event: 6.396 Thread 0x0000021fbd94fda0  919       3       javax.swing.JComponent::getFlag (20 bytes)
Event: 6.396 Thread 0x0000021fbd94fda0 nmethod 919 0x0000021fa1c50490 code [0x0000021fa1c50620, 0x0000021fa1c50798]
Event: 7212.440 Thread 0x0000021fbd94fda0  920       3       sun.nio.cs.SingleByte$Encoder::encode (32 bytes)
Event: 7212.440 Thread 0x0000021fbd94fda0 nmethod 920 0x0000021fa1c50810 code [0x0000021fa1c509c0, 0x0000021fa1c50bb8]
Event: 7212.441 Thread 0x0000021fbd94fda0  921       3       java.lang.StringBuilder::append (8 bytes)
Event: 7212.441 Thread 0x0000021fbd94fda0 nmethod 921 0x0000021fa1c50d10 code [0x0000021fa1c50ea0, 0x0000021fa1c50fe8]
Event: 7212.441 Thread 0x0000021fbd94fda0  922       3       java.lang.AbstractStringBuilder::append (55 bytes)
Event: 7212.441 Thread 0x0000021fbd94fda0 nmethod 922 0x0000021fa1c51090 code [0x0000021fa1c51260, 0x0000021fa1c51598]
Event: 7212.443 Thread 0x0000021fbd94fda0  923       3       java.lang.String::getChars (54 bytes)
Event: 7212.443 Thread 0x0000021fbd94fda0 nmethod 923 0x0000021fa1c51710 code [0x0000021fa1c51900, 0x0000021fa1c51d78]
Event: 7212.443 Thread 0x0000021fbd94fda0  924       3       java.lang.StringLatin1::getChars (12 bytes)
Event: 7212.443 Thread 0x0000021fbd94fda0 nmethod 924 0x0000021fa1c51f90 code [0x0000021fa1c52120, 0x0000021fa1c52248]
Event: 7212.460 Thread 0x0000021fbd94fda0  925       3       java.lang.Module::isNamed (13 bytes)
Event: 7212.460 Thread 0x0000021fbd94fda0 nmethod 925 0x0000021fa1c52310 code [0x0000021fa1c524a0, 0x0000021fa1c52618]

GC Heap History (0 events):
No events

Dll operation events (8 events):
Event: 0.004 Loaded shared library C:\Program Files\Eclipse Adoptium\jdk-17.0.12.7-hotspot\bin\java.dll
Event: 0.021 Loaded shared library C:\Program Files\Eclipse Adoptium\jdk-17.0.12.7-hotspot\bin\jsvml.dll
Event: 0.043 Loaded shared library C:\Program Files\Eclipse Adoptium\jdk-17.0.12.7-hotspot\bin\jimage.dll
Event: 0.057 Loaded shared library C:\Program Files\Eclipse Adoptium\jdk-17.0.12.7-hotspot\bin\awt.dll
Event: 0.171 Loaded shared library C:\Program Files\Eclipse Adoptium\jdk-17.0.12.7-hotspot\bin\freetype.dll
Event: 0.172 Loaded shared library C:\Program Files\Eclipse Adoptium\jdk-17.0.12.7-hotspot\bin\fontmanager.dll
Event: 0.217 Loaded shared library C:\Program Files\Eclipse Adoptium\jdk-17.0.12.7-hotspot\bin\net.dll
Event: 0.218 Loaded shared library C:\Program Files\Eclipse Adoptium\jdk-17.0.12.7-hotspot\bin\nio.dll

Deoptimization events (4 events):
Event: 4.013 Thread 0x0000021fbdad51e0 Uncommon trap: trap_request=0xffffff45 fr.pc=0x0000021fa967ecc0 relative=0x00000000000000c0
Event: 4.013 Thread 0x0000021fbdad51e0 Uncommon trap: reason=unstable_if action=reinterpret pc=0x0000021fa967ecc0 method=java.awt.Component.inside(II)Z @ 21 c2
Event: 4.013 Thread 0x0000021fbdad51e0 DEOPT PACKING pc=0x0000021fa967ecc0 sp=0x000000e2198fe4d0
Event: 4.013 Thread 0x0000021fbdad51e0 DEOPT UNPACKING pc=0x0000021fa8f569a3 sp=0x000000e2198fe368 mode 2

Classes loaded (20 events):
Event: 4.230 Loading class java/awt/LightweightDispatcher$2
Event: 4.230 Loading class java/awt/LightweightDispatcher$2 done
Event: 7212.438 Loading class java/util/WeakHashMap$KeyIterator
Event: 7212.438 Loading class java/util/WeakHashMap$HashIterator
Event: 7212.438 Loading class java/util/WeakHashMap$HashIterator done
Event: 7212.438 Loading class java/util/WeakHashMap$KeyIterator done
Event: 7212.438 Loading class javax/swing/RepaintManager$DisplayChangedRunnable
Event: 7212.438 Loading class javax/swing/RepaintManager$DisplayChangedRunnable done
Event: 7212.438 Loading class java/awt/AWTError
Event: 7212.438 Loading class java/awt/AWTError done
Event: 7212.438 Loading class java/lang/InterruptedException
Event: 7212.438 Loading class java/lang/InterruptedException done
Event: 7212.439 Loading class java/lang/Throwable$WrappedPrintStream
Event: 7212.439 Loading class java/lang/Throwable$PrintStreamOrWriter
Event: 7212.439 Loading class java/lang/Throwable$PrintStreamOrWriter done
Event: 7212.439 Loading class java/lang/Throwable$WrappedPrintStream done
Event: 7212.439 Loading class java/lang/StackTraceElement$HashedModules
Event: 7212.439 Loading class java/lang/StackTraceElement$HashedModules done
Event: 7212.459 Loading class java/awt/AWTException
Event: 7212.460 Loading class java/awt/AWTException done

Classes unloaded (0 events):
No events

Classes redefined (0 events):
No events

Internal exceptions (12 events):
Event: 0.050 Thread 0x0000021f99f70d60 Exception <a 'java/lang/ClassNotFoundException'{0x000000071352e460}: sun/awt/resources/spi/awtProvider> (0x000000071352e460) 
thrown [s\src\hotspot\share\classfile\systemDictionary.cpp, line 256]
Event: 0.067 Thread 0x0000021f99f70d60 Exception <a 'java/io/FileNotFoundException'{0x0000000713234898}> (0x0000000713234898) 
thrown [s\src\hotspot\share\prims\jni.cpp, line 516]
Event: 0.072 Thread 0x0000021f99f70d60 Exception <a 'java/io/FileNotFoundException'{0x00000007132617d8}> (0x00000007132617d8) 
thrown [s\src\hotspot\share\prims\jni.cpp, line 516]
Event: 0.098 Thread 0x0000021f99f70d60 Exception <a 'java/lang/NoSuchMethodError'{0x000000071332cdf0}: 'java.lang.Object java.lang.invoke.DirectMethodHandle$Holder.invokeStaticInit(java.lang.Object)'> (0x000000071332cdf0) 
thrown [s\src\hotspot\share\interpreter\linkResolver.cpp, line 759]
Event: 0.113 Thread 0x0000021f99f70d60 Exception <a 'java/lang/NoSuchMethodError'{0x00000007133cb788}: 'void java.lang.invoke.DirectMethodHandle$Holder.invokeSpecial(java.lang.Object, java.lang.Object, java.lang.Object)'> (0x00000007133cb788) 
thrown [s\src\hotspot\share\interpreter\linkResolver.cpp, line 759]
Event: 0.119 Thread 0x0000021f99f70d60 Exception <a 'java/lang/NoSuchMethodError'{0x00000007133f5688}: 'java.lang.Object java.lang.invoke.DirectMethodHandle$Holder.newInvokeSpecial(java.lang.Object, java.lang.Object, java.lang.Object, java.lang.Object, java.lang.Object)'> (0x00000007133f5688) 
thrown [s\src\hotspot\share\interpreter\linkResolver.cpp, line 759]
Event: 0.121 Thread 0x0000021f99f70d60 Exception <a 'java/lang/NoSuchMethodError'{0x00000007130014c0}: 'java.lang.Object java.lang.invoke.DirectMethodHandle$Holder.invokeStatic(java.lang.Object, int, java.lang.Object, java.lang.Object, java.lang.Object, java.lang.Object)'> (0x00000007130014c0) 
thrown [s\src\hotspot\share\interpreter\linkResolver.cpp, line 759]
Event: 0.125 Thread 0x0000021f99f70d60 Exception <a 'java/lang/NoSuchMethodError'{0x0000000713026bf0}: 'java.lang.Object java.lang.invoke.DirectMethodHandle$Holder.invokeStatic(java.lang.Object, int, java.lang.Object)'> (0x0000000713026bf0) 
thrown [s\src\hotspot\share\interpreter\linkResolver.cpp, line 759]
Event: 0.146 Thread 0x0000021f99f70d60 Exception <a 'java/lang/ClassNotFoundException'{0x00000007130e0fc8}: com/sun/swing/internal/plaf/metal/resources/spi/metalProvider> (0x00000007130e0fc8) 
thrown [s\src\hotspot\share\classfile\systemDictionary.cpp, line 256]
Event: 0.146 Thread 0x0000021f99f70d60 Exception <a 'java/lang/ClassNotFoundException'{0x00000007130e4e48}: com/sun/swing/internal/plaf/basic/resources/spi/basicProvider> (0x00000007130e4e48) 
thrown [s\src\hotspot\share\classfile\systemDictionary.cpp, line 256]
Event: 0.169 Thread 0x0000021f99f70d60 Exception <a 'java/lang/NoSuchMethodError'{0x00000007131323d8}: 'void java.lang.invoke.DirectMethodHandle$Holder.invokeStaticInit(java.lang.Object)'> (0x00000007131323d8) 
thrown [s\src\hotspot\share\interpreter\linkResolver.cpp, line 759]
Event: 0.203 Thread 0x0000021fbdad3da0 Exception <a 'java/lang/NoSuchMethodError'{0x0000000713363130}: 'void java.lang.invoke.DirectMethodHandle$Holder.invokeVirtual(java.lang.Object, java.lang.Object)'> (0x0000000713363130) 
thrown [s\src\hotspot\share\interpreter\linkResolver.cpp, line 759]

VM Operations (20 events):
Event: 0.040 Executing VM operation: HandshakeAllThreads
Event: 0.040 Executing VM operation: HandshakeAllThreads done
Event: 0.146 Executing VM operation: HandshakeAllThreads
Event: 0.146 Executing VM operation: HandshakeAllThreads done
Event: 0.180 Executing VM operation: HandshakeAllThreads
Event: 0.180 Executing VM operation: HandshakeAllThreads done
Event: 0.206 Executing VM operation: HandshakeAllThreads
Event: 0.206 Executing VM operation: HandshakeAllThreads done
Event: 1.206 Executing VM operation: Cleanup
Event: 1.206 Executing VM operation: Cleanup done
Event: 2.207 Executing VM operation: Cleanup
Event: 2.207 Executing VM operation: Cleanup done
Event: 4.207 Executing VM operation: Cleanup
Event: 4.207 Executing VM operation: Cleanup done
Event: 5.207 Executing VM operation: Cleanup
Event: 5.207 Executing VM operation: Cleanup done
Event: 7.208 Executing VM operation: Cleanup
Event: 7.208 Executing VM operation: Cleanup done
Event: 60.119 Executing VM operation: HandshakeAllThreads
Event: 60.119 Executing VM operation: HandshakeAllThreads done

Events (20 events):
Event: 0.022 Thread 0x0000021fbd933860 Thread added: 0x0000021fbd933860
Event: 0.028 Thread 0x0000021fbd9435c0 Thread added: 0x0000021fbd9435c0
Event: 0.028 Thread 0x0000021fbd948190 Thread added: 0x0000021fbd948190
Event: 0.028 Thread 0x0000021fbd94ac60 Thread added: 0x0000021fbd94ac60
Event: 0.028 Thread 0x0000021fbd94b620 Thread added: 0x0000021fbd94b620
Event: 0.028 Thread 0x0000021fbd94e3d0 Thread added: 0x0000021fbd94e3d0
Event: 0.028 Thread 0x0000021fbd94fda0 Thread added: 0x0000021fbd94fda0
Event: 0.028 Thread 0x0000021fbd962c40 Thread added: 0x0000021fbd962c40
Event: 0.034 Thread 0x0000021fbcd68b70 Thread added: 0x0000021fbcd68b70
Event: 0.036 Thread 0x0000021fbdaced80 Thread added: 0x0000021fbdaced80
Event: 0.036 Thread 0x0000021fbdacf6b0 Thread added: 0x0000021fbdacf6b0
Event: 0.038 Thread 0x0000021fbdad42b0 Thread added: 0x0000021fbdad42b0
Event: 0.099 Thread 0x0000021fbdad47c0 Thread added: 0x0000021fbdad47c0
Event: 0.099 Thread 0x0000021fbdad2e70 Thread added: 0x0000021fbdad2e70
Event: 0.100 Thread 0x0000021fbdad3da0 Thread added: 0x0000021fbdad3da0
Event: 0.162 Thread 0x0000021fbdad51e0 Thread added: 0x0000021fbdad51e0
Event: 0.206 Thread 0x0000021f99f70d60 Thread exited: 0x0000021f99f70d60
Event: 0.206 Thread 0x0000021fbdad2960 Thread added: 0x0000021fbdad2960
Event: 0.805 Thread 0x0000021fbdaced80 Thread exited: 0x0000021fbdaced80
Event: 3.789 Thread 0x0000021fbcd68b70 Thread exited: 0x0000021fbcd68b70


Dynamic libraries:
0x00007ff6f5510000 - 0x00007ff6f551e000 	C:\Program Files\Eclipse Adoptium\jdk-17.0.12.7-hotspot\bin\java.exe
0x00007ff8f0a70000 - 0x00007ff8f0c87000 	C:\WINDOWS\SYSTEM32\ntdll.dll
0x00007ff8f0030000 - 0x00007ff8f00f4000 	C:\WINDOWS\System32\KERNEL32.DLL
0x00007ff8edf70000 - 0x00007ff8ee316000 	C:\WINDOWS\System32\KERNELBASE.dll
0x00007ff8ee6a0000 - 0x00007ff8ee7b1000 	C:\WINDOWS\System32\ucrtbase.dll
0x00007ff85e5b0000 - 0x00007ff85e5cb000 	C:\Program Files\Eclipse Adoptium\jdk-17.0.12.7-hotspot\bin\VCRUNTIME140.dll
0x00007ff8e9180000 - 0x00007ff8e9197000 	C:\Program Files\Eclipse Adoptium\jdk-17.0.12.7-hotspot\bin\jli.dll
0x00007ff8eeb30000 - 0x00007ff8eecde000 	C:\WINDOWS\System32\USER32.dll
0x00007ff8ee670000 - 0x00007ff8ee696000 	C:\WINDOWS\System32\win32u.dll
0x00007ff8cd670000 - 0x00007ff8cd903000 	C:\WINDOWS\WinSxS\amd64_microsoft.windows.common-controls_6595b64144ccf1df_6.0.22621.2506_none_270c5ae97388e100\COMCTL32.dll
0x00007ff8f0a00000 - 0x00007ff8f0a29000 	C:\WINDOWS\System32\GDI32.dll
0x00007ff8ee8c0000 - 0x00007ff8ee967000 	C:\WINDOWS\System32\msvcrt.dll
0x00007ff8ee550000 - 0x00007ff8ee668000 	C:\WINDOWS\System32\gdi32full.dll
0x00007ff8eded0000 - 0x00007ff8edf6a000 	C:\WINDOWS\System32\msvcp_win.dll
0x00007ff8f0100000 - 0x00007ff8f0131000 	C:\WINDOWS\System32\IMM32.DLL
0x00007ff85e5a0000 - 0x00007ff85e5ac000 	C:\Program Files\Eclipse Adoptium\jdk-17.0.12.7-hotspot\bin\vcruntime140_1.dll
0x00007ff85e1a0000 - 0x00007ff85e22d000 	C:\Program Files\Eclipse Adoptium\jdk-17.0.12.7-hotspot\bin\msvcp140.dll
0x00007ff85e5d0000 - 0x00007ff85f23a000 	C:\Program Files\Eclipse Adoptium\jdk-17.0.12.7-hotspot\bin\server\jvm.dll
0x00007ff8f0930000 - 0x00007ff8f09e1000 	C:\WINDOWS\System32\ADVAPI32.dll
0x00007ff8eed90000 - 0x00007ff8eee35000 	C:\WINDOWS\System32\sechost.dll
0x00007ff8f07f0000 - 0x00007ff8f0907000 	C:\WINDOWS\System32\RPCRT4.dll
0x00007ff8ef0e0000 - 0x00007ff8ef151000 	C:\WINDOWS\System32\WS2_32.dll
0x00007ff8ecbf0000 - 0x00007ff8ecc3d000 	C:\WINDOWS\SYSTEM32\POWRPROF.dll
0x00007ff8e6610000 - 0x00007ff8e6644000 	C:\WINDOWS\SYSTEM32\WINMM.dll
0x00007ff8dd470000 - 0x00007ff8dd47a000 	C:\WINDOWS\SYSTEM32\VERSION.dll
0x00007ff8ecbd0000 - 0x00007ff8ecbe3000 	C:\WINDOWS\SYSTEM32\UMPDC.dll
0x00007ff8ece90000 - 0x00007ff8ecea8000 	C:\WINDOWS\SYSTEM32\kernel.appcore.dll
0x00007ff85e520000 - 0x00007ff85e52a000 	C:\Program Files\Eclipse Adoptium\jdk-17.0.12.7-hotspot\bin\jimage.dll
0x00007ff8eb710000 - 0x00007ff8eb943000 	C:\WINDOWS\SYSTEM32\DBGHELP.DLL
0x00007ff8efca0000 - 0x00007ff8f0029000 	C:\WINDOWS\System32\combase.dll
0x00007ff8f0140000 - 0x00007ff8f0217000 	C:\WINDOWS\System32\OLEAUT32.dll
0x00007ff8dc370000 - 0x00007ff8dc3a2000 	C:\WINDOWS\SYSTEM32\dbgcore.DLL
0x00007ff8ede50000 - 0x00007ff8edeca000 	C:\WINDOWS\System32\bcryptPrimitives.dll
0x00007ff85e530000 - 0x00007ff85e555000 	C:\Program Files\Eclipse Adoptium\jdk-17.0.12.7-hotspot\bin\java.dll
0x00007ff85e440000 - 0x00007ff85e517000 	C:\Program Files\Eclipse Adoptium\jdk-17.0.12.7-hotspot\bin\jsvml.dll
0x00007ff8ef160000 - 0x00007ff8ef9ba000 	C:\WINDOWS\System32\SHELL32.dll
0x00007ff8ebcb0000 - 0x00007ff8ec5a6000 	C:\WINDOWS\SYSTEM32\windows.storage.dll
0x00007ff8ebb70000 - 0x00007ff8ebcae000 	C:\WINDOWS\SYSTEM32\wintypes.dll
0x00007ff8eee40000 - 0x00007ff8eef33000 	C:\WINDOWS\System32\SHCORE.dll
0x00007ff8eed30000 - 0x00007ff8eed8e000 	C:\WINDOWS\System32\shlwapi.dll
0x00007ff8edd10000 - 0x00007ff8edd36000 	C:\WINDOWS\SYSTEM32\profapi.dll
0x00007ff85e230000 - 0x00007ff85e3c0000 	C:\Program Files\Eclipse Adoptium\jdk-17.0.12.7-hotspot\bin\awt.dll
0x00007ff8eaf20000 - 0x00007ff8eafb7000 	C:\WINDOWS\SYSTEM32\apphelp.dll
0x00007ff8eafe0000 - 0x00007ff8eb08b000 	C:\WINDOWS\system32\uxtheme.dll
0x00007ff8efae0000 - 0x00007ff8efc30000 	C:\WINDOWS\System32\MSCTF.dll
0x00007ff8eef40000 - 0x00007ff8ef0e0000 	C:\WINDOWS\System32\ole32.dll
0x00007ff8eb220000 - 0x00007ff8eb24b000 	C:\WINDOWS\system32\DWMAPI.DLL
0x00007ff85ab20000 - 0x00007ff85ac20000 	C:\WINDOWS\system32\opengl32.dll
0x00007ff85aa40000 - 0x00007ff85aa6d000 	C:\WINDOWS\SYSTEM32\GLU32.dll
0x00007ff8eb0c0000 - 0x00007ff8eb0f6000 	C:\WINDOWS\SYSTEM32\dxcore.dll
0x00007ff849080000 - 0x00007ff849107000 	C:\Program Files\Eclipse Adoptium\jdk-17.0.12.7-hotspot\bin\freetype.dll
0x00007ff848f90000 - 0x00007ff849072000 	C:\Program Files\Eclipse Adoptium\jdk-17.0.12.7-hotspot\bin\fontmanager.dll
0x00007ff8d8260000 - 0x00007ff8d83aa000 	C:\WINDOWS\SYSTEM32\textinputframework.dll
0x00007ff85e420000 - 0x00007ff85e439000 	C:\Program Files\Eclipse Adoptium\jdk-17.0.12.7-hotspot\bin\net.dll
0x00007ff8e6b40000 - 0x00007ff8e6c77000 	C:\WINDOWS\SYSTEM32\WINHTTP.dll
0x00007ff8ed300000 - 0x00007ff8ed369000 	C:\WINDOWS\system32\mswsock.dll
0x00007ff85e400000 - 0x00007ff85e416000 	C:\Program Files\Eclipse Adoptium\jdk-17.0.12.7-hotspot\bin\nio.dll
0x00007ff8eab50000 - 0x00007ff8eac83000 	C:\WINDOWS\SYSTEM32\CoreMessaging.dll
0x00007ff8e8810000 - 0x00007ff8e8b7c000 	C:\WINDOWS\SYSTEM32\CoreUIComponents.dll
0x00007ff8ed630000 - 0x00007ff8ed63c000 	C:\WINDOWS\SYSTEM32\CRYPTBASE.DLL

dbghelp: loaded successfully - version: 4.0.5 - missing functions: none
symbol engine: initialized successfully - sym options: 0x614 - pdb path: .;C:\Program Files\Eclipse Adoptium\jdk-17.0.12.7-hotspot\bin;C:\WINDOWS\SYSTEM32;C:\WINDOWS\WinSxS\amd64_microsoft.windows.common-controls_6595b64144ccf1df_6.0.22621.2506_none_270c5ae97388e100;C:\Program Files\Eclipse Adoptium\jdk-17.0.12.7-hotspot\bin\server

VM Arguments:
jvm_args: -XX:+ShowCodeDetailsInExceptionMessages 
java_command: MyMenu.StartMenu
java_class_path (initial): E:\education\projects\Flappy bird\Flappy_bird\bin
Launcher Type: SUN_STANDARD

[Global flags]
     intx CICompilerCount                          = 12                                        {product} {ergonomic}
     uint ConcGCThreads                            = 3                                         {product} {ergonomic}
     uint G1ConcRefinementThreads                  = 13                                        {product} {ergonomic}
   size_t G1HeapRegionSize                         = 2097152                                   {product} {ergonomic}
    uintx GCDrainStackTargetSize                   = 64                                        {product} {ergonomic}
   size_t InitialHeapSize                          = 266338304                                 {product} {ergonomic}
   size_t MarkStackSize                            = 4194304                                   {product} {ergonomic}
   size_t MaxHeapSize                              = 4236247040                                {product} {ergonomic}
   size_t MaxNewSize                               = 2541748224                                {product} {ergonomic}
   size_t MinHeapDeltaBytes                        = 2097152                                   {product} {ergonomic}
   size_t MinHeapSize                              = 8388608                                   {product} {ergonomic}
    uintx NonNMethodCodeHeapSize                   = 7602480                                {pd product} {ergonomic}
    uintx NonProfiledCodeHeapSize                  = 122027880                              {pd product} {ergonomic}
    uintx ProfiledCodeHeapSize                     = 122027880                              {pd product} {ergonomic}
    uintx ReservedCodeCacheSize                    = 251658240                              {pd product} {ergonomic}
     bool SegmentedCodeCache                       = true                                      {product} {ergonomic}
     bool ShowCodeDetailsInExceptionMessages       = true                                   {manageable} {command line}
   size_t SoftMaxHeapSize                          = 4236247040                             {manageable} {ergonomic}
     bool UseCompressedClassPointers               = true                           {product lp64_product} {ergonomic}
     bool UseCompressedOops                        = true                           {product lp64_product} {ergonomic}
     bool UseG1GC                                  = true                                      {product} {ergonomic}
     bool UseLargePagesIndividualAllocation        = false                                  {pd product} {ergonomic}

Logging:
Log output configuration:
 #0: stdout all=warning uptime,level,tags
 #1: stderr all=off uptime,level,tags

Environment Variables:
JAVA_HOME=C:\Program Files\Eclipse Adoptium\jdk-17.0.12.7-hotspot\
PATH=C:\Program Files\Eclipse Adoptium\jdk-17.0.12.7-hotspot\bin;C:\WINDOWS\system32;C:\WINDOWS;C:\WINDOWS\System32\Wbem;C:\WINDOWS\System32\WindowsPowerShell\v1.0\;C:\WINDOWS\System32\OpenSSH\;C:\Program Files (x86)\NVIDIA Corporation\PhysX\Common;C:\Program Files\NVIDIA Corporation\NVIDIA NvDLISR;C:\Program Files\dotnet\;C:\Program Files\nodejs\;C:\Program Files\Cloudflare\Cloudflare WARP\;C:\ProgramData\Microsoft\Windows\Start Menu\Programs\Node.js;C:\Users\User\AppData\Local\Programs\Python\Python311\Scripts\;C:\Users\User\AppData\Local\Programs\Python\Python311\;C:\Users\User\AppData\Local\Microsoft\WindowsApps;C:\MinGW\bin;C:\Users\User\Documents\mingw-w64-v10.0.0;C:\Users\User\AppData\Local\Programs\Microsoft VS Code\bin;C:\MinGW\bin;C:\Program Files\JetBrains\PyCharm 2023.2\bin;C:\Users\User\AppData\Local\GitHubDesktop\bin;C:\Users\User\AppData\Roaming\npm;C:\Users\User\Downloads\jdk-23_windows-x64_bin.zip\jdk-23\bin;
USERNAME=User
LANG=en_US.UTF-8
OS=Windows_NT
PROCESSOR_IDENTIFIER=Intel64 Family 6 Model 191 Stepping 2, GenuineIntel
TMP=C:\Users\User\AppData\Local\Temp
TEMP=C:\Users\User\AppData\Local\Temp



Periodic native trim disabled


---------------  S Y S T E M  ---------------

OS:
 Windows 11 , 64 bit Build 22621 (10.0.22621.2506)
OS uptime: 0 days 3:13 hours
Hyper-V role detected

CPU: total 16 (initial active 16) (8 cores per cpu, 2 threads per core) family 6 model 191 stepping 2 microcode 0x26, cx8, cmov, fxsr, ht, mmx, 3dnowpref, sse, sse2, sse3, ssse3, sse4.1, sse4.2, popcnt, lzcnt, tsc, tscinvbit, avx, avx2, aes, erms, clmul, bmi1, bmi2, adx, sha, fma, vzeroupper, clflush, clflushopt, clwb, hv
Processor Information for all 16 processors :
  Max Mhz: 2500, Current Mhz: 2500, Mhz Limit: 2500

Memory: 4k page, system-wide physical 16154M (5309M free)
TotalPageFile size 55066M (AvailPageFile size 13806M)
current process WorkingSet (physical memory assigned to process): 57M, peak: 62M
current process commit charge ("private bytes"): 362M, peak: 366M

vm_info: OpenJDK 64-Bit Server VM (17.0.12+7) for windows-amd64 JRE (17.0.12+7), built on Jul 16 2024 22:08:24 by "admin" with MS VC++ 16.10 / 16.11 (VS2019)

END.
